------Start of DE processing------ = [1/25/20 1:11:37:015 IST]
Exception = javax.servlet.ServletException
Source = com.ibm.ws.webcontainer.filter.WebAppFilterChain.doFilter
probeid = 82
Stack Dump = javax.servlet.ServletException: SRVE0207E: Uncaught initialization exception created by servlet
	at com.ibm.ws.webcontainer.servlet.ServletWrapper.init(ServletWrapper.java:366)
	at com.ibm.ws.webcontainer.servlet.ServletWrapper.handleRequest(ServletWrapper.java:598)
	at com.ibm.ws.webcontainer.servlet.ServletWrapper.handleRequest(ServletWrapper.java:440)
	at com.ibm.ws.webcontainer.filter.WebAppFilterChain.invokeTarget(WebAppFilterChain.java:147)
	at com.ibm.ws.webcontainer.filter.WebAppFilterChain.doFilter(WebAppFilterChain.java:89)
	at etm.contrib.integration.web.HttpRequestPerformanceFilter.doFilter(HttpRequestPerformanceFilter.java:74)
	at com.ibm.ws.webcontainer.filter.FilterInstanceWrapper.doFilter(FilterInstanceWrapper.java:201)
	at com.ibm.ws.webcontainer.filter.WebAppFilterChain.doFilter(WebAppFilterChain.java:86)
	at com.ibm.ws.webcontainer.filter.WebAppFilterManager.doFilter(WebAppFilterManager.java:995)
	at com.ibm.ws.webcontainer.filter.WebAppFilterManager.invokeFilters(WebAppFilterManager.java:1124)
	at com.ibm.ws.webcontainer.webapp.WebApp.handleRequest(WebApp.java:4938)
	at com.ibm.ws.webcontainer.osgi.DynamicVirtualHost$2.handleRequest(DynamicVirtualHost.java:316)
	at com.ibm.ws.webcontainer.WebContainer.handleRequest(WebContainer.java:990)
	at com.ibm.ws.webcontainer.osgi.DynamicVirtualHost$2.run(DynamicVirtualHost.java:281)
	at com.ibm.ws.http.dispatcher.internal.channel.HttpDispatcherLink$TaskWrapper.run(HttpDispatcherLink.java:960)
	at com.ibm.ws.http.dispatcher.internal.channel.HttpDispatcherLink.wrapHandlerAndExecute(HttpDispatcherLink.java:362)
	at com.ibm.ws.http.dispatcher.internal.channel.HttpDispatcherLink.ready(HttpDispatcherLink.java:321)
	at com.ibm.ws.http.channel.internal.inbound.HttpInboundLink.handleDiscrimination(HttpInboundLink.java:499)
	at com.ibm.ws.http.channel.internal.inbound.HttpInboundLink.handleNewRequest(HttpInboundLink.java:433)
	at com.ibm.ws.http.channel.internal.inbound.HttpInboundLink.processRequest(HttpInboundLink.java:313)
	at com.ibm.ws.http.channel.internal.inbound.HttpInboundLink.ready(HttpInboundLink.java:284)
	at com.ibm.ws.channel.ssl.internal.SSLConnectionLink.determineNextChannel(SSLConnectionLink.java:1029)
	at com.ibm.ws.channel.ssl.internal.SSLConnectionLink$MyReadCompletedCallback.complete(SSLConnectionLink.java:618)
	at com.ibm.ws.channel.ssl.internal.SSLReadServiceContext$SSLReadCompletedCallback.complete(SSLReadServiceContext.java:1763)
	at com.ibm.ws.tcpchannel.internal.WorkQueueManager.requestComplete(WorkQueueManager.java:503)
	at com.ibm.ws.tcpchannel.internal.WorkQueueManager.attemptIO(WorkQueueManager.java:573)
	at com.ibm.ws.tcpchannel.internal.WorkQueueManager.workerRun(WorkQueueManager.java:928)
	at com.ibm.ws.tcpchannel.internal.WorkQueueManager$Worker.run(WorkQueueManager.java:1017)
	at java.util.concurrent.ThreadPoolExecutor.runWorker(ThreadPoolExecutor.java:1160)
	at java.util.concurrent.ThreadPoolExecutor$Worker.run(ThreadPoolExecutor.java:635)
	at java.lang.Thread.run(Thread.java:811)
Caused by: org.springframework.beans.factory.BeanCreationException: Error creating bean with name 'broker' defined in class path resource [microbroker.server.spring.xml]: Invocation of init method failed; nested exception is com.ibm.micro.admin.AdminException: Error starting broker: com.ibm.ws.objectManager.NonExistentObjectStoreFileException: NonExistentObjectStoreFileException_info:AbstractObjectStore(C:\IntegrationTester\Apps\RTCP\workspace\broker\RTCPBroker\MBStore)/aae86abf
null
C:\IntegrationTester\Apps\RTCP\workspace\broker\RTCPBroker\MBStore

	at org.springframework.beans.factory.support.AbstractAutowireCapableBeanFactory.initializeBean(AbstractAutowireCapableBeanFactory.java:1631)
	at org.springframework.beans.factory.support.AbstractAutowireCapableBeanFactory.doCreateBean(AbstractAutowireCapableBeanFactory.java:553)
	at org.springframework.beans.factory.support.AbstractAutowireCapableBeanFactory.createBean(AbstractAutowireCapableBeanFactory.java:481)
	at org.springframework.beans.factory.support.AbstractBeanFactory$1.getObject(AbstractBeanFactory.java:312)
	at org.springframework.beans.factory.support.DefaultSingletonBeanRegistry.getSingleton(DefaultSingletonBeanRegistry.java:230)
	at org.springframework.beans.factory.support.AbstractBeanFactory.doGetBean(AbstractBeanFactory.java:308)
	at org.springframework.beans.factory.support.AbstractBeanFactory.getBean(AbstractBeanFactory.java:197)
	at org.springframework.beans.factory.support.AbstractBeanFactory.doGetBean(AbstractBeanFactory.java:297)
	at org.springframework.beans.factory.support.AbstractBeanFactory.getBean(AbstractBeanFactory.java:197)
	at org.springframework.beans.factory.support.DefaultListableBeanFactory.preInstantiateSingletons(DefaultListableBeanFactory.java:761)
	at org.springframework.context.support.AbstractApplicationContext.finishBeanFactoryInitialization(AbstractApplicationContext.java:867)
	at org.springframework.context.support.AbstractApplicationContext.refresh(AbstractApplicationContext.java:543)
	at org.springframework.web.context.ContextLoader.configureAndRefreshWebApplicationContext(ContextLoader.java:443)
	at org.springframework.web.context.ContextLoader.initWebApplicationContext(ContextLoader.java:325)
	at org.springframework.web.context.ContextLoaderListener.contextInitialized(ContextLoaderListener.java:107)
	at com.ibm.ws.webcontainer.webapp.WebApp.notifyServletContextCreated(WebApp.java:2379)
	at com.ibm.ws.webcontainer31.osgi.webapp.WebApp31.notifyServletContextCreated(WebApp31.java:514)
	at com.ibm.ws.webcontainer.webapp.WebApp.initialize(WebApp.java:1012)
	at com.ibm.ws.webcontainer.webapp.WebApp.initialize(WebApp.java:6550)
	at com.ibm.ws.webcontainer.osgi.DynamicVirtualHost.startWebApp(DynamicVirtualHost.java:469)
	at com.ibm.ws.webcontainer.osgi.DynamicVirtualHost.startWebApplication(DynamicVirtualHost.java:464)
	at com.ibm.ws.webcontainer.osgi.WebContainer.startWebApplication(WebContainer.java:1119)
	at com.ibm.ws.webcontainer.osgi.WebContainer.startModule(WebContainer.java:924)
	at com.ibm.ws.app.manager.module.internal.ModuleHandlerBase.deployModule(ModuleHandlerBase.java:99)
	at com.ibm.ws.app.manager.module.internal.DeployedModuleInfoImpl.installModule(DeployedModuleInfoImpl.java:49)
	at com.ibm.ws.app.manager.module.internal.DeployedAppInfoBase.deployModules(DeployedAppInfoBase.java:419)
	at com.ibm.ws.app.manager.module.internal.DeployedAppInfoBase.deployApp(DeployedAppInfoBase.java:405)
	at com.ibm.ws.app.manager.war.internal.WARApplicationHandlerImpl.install(WARApplicationHandlerImpl.java:65)
	at com.ibm.ws.app.manager.internal.statemachine.StartAction.execute(StartAction.java:140)
	at com.ibm.ws.app.manager.internal.statemachine.ApplicationStateMachineImpl.enterState(ApplicationStateMachineImpl.java:1258)
	at com.ibm.ws.app.manager.internal.statemachine.ApplicationStateMachineImpl.run(ApplicationStateMachineImpl.java:873)
	... 3 more
Caused by: com.ibm.micro.admin.AdminException: Error starting broker: com.ibm.ws.objectManager.NonExistentObjectStoreFileException: NonExistentObjectStoreFileException_info:AbstractObjectStore(C:\IntegrationTester\Apps\RTCP\workspace\broker\RTCPBroker\MBStore)/aae86abf
null
C:\IntegrationTester\Apps\RTCP\workspace\broker\RTCPBroker\MBStore

	at com.ibm.micro.internal.admin.client.LocalBrokerImpl.start(LocalBrokerImpl.java:86)
	at com.ibm.greenhat.server.microbroker.Broker.init(Broker.java:67)
	at sun.reflect.NativeMethodAccessorImpl.invoke0(Native Method)
	at sun.reflect.NativeMethodAccessorImpl.invoke(NativeMethodAccessorImpl.java:90)
	at sun.reflect.DelegatingMethodAccessorImpl.invoke(DelegatingMethodAccessorImpl.java:55)
	at java.lang.reflect.Method.invoke(Method.java:508)
	at org.springframework.beans.factory.support.AbstractAutowireCapableBeanFactory.invokeCustomInitMethod(AbstractAutowireCapableBeanFactory.java:1760)
	at org.springframework.beans.factory.support.AbstractAutowireCapableBeanFactory.invokeInitMethods(AbstractAutowireCapableBeanFactory.java:1697)
	at org.springframework.beans.factory.support.AbstractAutowireCapableBeanFactory.initializeBean(AbstractAutowireCapableBeanFactory.java:1627)
	... 33 more
Caused by: com.ibm.micro.spi.BrokerComponentException: com.ibm.ws.objectManager.NonExistentObjectStoreFileException: NonExistentObjectStoreFileException_info:AbstractObjectStore(C:\IntegrationTester\Apps\RTCP\workspace\broker\RTCPBroker\MBStore)/aae86abf
null
C:\IntegrationTester\Apps\RTCP\workspace\broker\RTCPBroker\MBStore

	at com.ibm.micro.internal.persistence.PersistenceProvider.setupOM(PersistenceProvider.java:522)
	at com.ibm.micro.internal.persistence.PersistenceProvider.start(PersistenceProvider.java:491)
	at com.ibm.micro.internal.entrypoint.MicroBrokerImpl.initialise(MicroBrokerImpl.java:168)
	at com.ibm.micro.internal.entrypoint.MicroBrokerImpl.start(MicroBrokerImpl.java:406)
	at com.ibm.micro.internal.admin.client.LocalBrokerImpl.start(LocalBrokerImpl.java:78)
	... 41 more
Caused by: com.ibm.ws.objectManager.NonExistentObjectStoreFileException: NonExistentObjectStoreFileException_info:AbstractObjectStore(C:\IntegrationTester\Apps\RTCP\workspace\broker\RTCPBroker\MBStore)/aae86abf
null
C:\IntegrationTester\Apps\RTCP\workspace\broker\RTCPBroker\MBStore

	at com.ibm.ws.objectManager.AbstractSingleFileObjectStore.open(AbstractSingleFileObjectStore.java:657)
	at com.ibm.ws.objectManager.SingleFileObjectStore.open(SingleFileObjectStore.java:122)
	at com.ibm.ws.objectManager.ObjectManagerState.mergeObjectStores(ObjectManagerState.java:2733)
	at com.ibm.ws.objectManager.ObjectManagerState.becomeCloneOf(ObjectManagerState.java:2700)
	at com.ibm.ws.objectManager.Token.setManagedObject(Token.java:214)
	at com.ibm.ws.objectManager.CheckpointStartLogRecord.performRecovery(CheckpointStartLogRecord.java:175)
	at com.ibm.ws.objectManager.ObjectManagerState.performRecovery(ObjectManagerState.java:730)
	at com.ibm.ws.objectManager.ObjectManagerState.performWarmStart(ObjectManagerState.java:595)
	at com.ibm.ws.objectManager.ObjectManagerState.<init>(ObjectManagerState.java:474)
	at com.ibm.ws.objectManager.ObjectManager.createObjectManagerState(ObjectManager.java:293)
	at com.ibm.ws.objectManager.ObjectManager.initialise(ObjectManager.java:237)
	at com.ibm.ws.objectManager.ObjectManager.<init>(ObjectManager.java:136)
	at com.ibm.micro.internal.persistence.PersistenceProvider.setupOM(PersistenceProvider.java:508)
	... 45 more

Dump of callerThis
Object type = com.ibm.ws.webcontainer.filter.WebAppFilterChain
  _filters = class java.util.ArrayList@5bf69201
    serialVersionUID = 8683452581122892189
    DEFAULT_CAPACITY = 10
    EMPTY_ELEMENTDATA = class java.lang.Object[0]
    DEFAULTCAPACITY_EMPTY_ELEMENTDATA = class java.lang.Object[0]
    elementData = class java.lang.Object[5]
      elementData[0] = class com.ibm.ws.webcontainer.filter.FilterInstanceWrapper@7f960130
      elementData[1] = null
      elementData[2] = null
      elementData[3] = null
      elementData[4] = null
    size = 1
    MAX_ARRAY_SIZE = 2147483639
    modCount = 1
    MAX_ARRAY_SIZE = 2147483639
  _currentFilterIndex = 1
  _numberOfFilters = 1
  requestProcessor = class com.ibm.ws.webcontainer.osgi.servlet.ServletWrapper@5ac7934e
    serialVersionUID = 1
    _mo = class com.ibm.ws.managedobject.internal.ManagedObjectImpl@b8e13d23
      object = "<sensitive org.springframework.web.servlet.DispatcherServlet@b3061147>"
      serialVersionUID = -5603642874755101089
      $$$tc$$$ = class com.ibm.websphere.ras.TraceComponent@1e188ccd
    serialVersionUID = -4479626085298397598
    notifyInvocationListeners = false
    UNINITIALIZED_STATE = -1
    AVAILABLE_STATE = 0
    UNAVAILABLE_STATE = 1
    UNAVAILABLE_PERMANENTLY_STATE = 2
    collabHelper = class com.ibm.ws.webcontainer.osgi.collaborator.CollaboratorHelperImpl@1b9c4ae7
      webAppInvCollabs = class java.util.Collections$UnmodifiableSet@9409ca72
      securityDomainForApp = null
      logger = class com.ibm.ws.logging.internal.WsLogger@c021d2db
      staticDefaultSecurityCollaborator = class com.ibm.ws.webcontainer.collaborator.WebAppSecurityCollaborator@8ecac7c7
      logger = class com.ibm.ws.logging.internal.WsLogger@69afc069
      CLASS_NAME = "com.ibm.wsspi.webcontainer.collaborator.CollaboratorHelper"
      webApp = class com.ibm.ws.webcontainer31.osgi.webapp.WebApp31@59d88047
      securityCollaborator = class com.ibm.ws.webcontainer.collaborator.WebAppSecurityCollaborator@8ecac7c7
      nameSpaceCollaborator = class com.ibm.ws.webcontainer.osgi.collaborator.WebAppNameSpaceCollaboratorImpl@6c38aa6a
      transactionCollaborator = class com.ibm.ws.webcontainer.collaborator.WebAppTransactionCollaborator@3d50ffa6
      connectionCollaborator = class com.ibm.ws.webcontainer.collaborator.ConnectionCollaborator@6b66651f
      allCollabEnum = class java.util.RegularEnumSet@78c519f8
      servlet_23_or_greater = true
      DEFER_SERVLET_REQUEST_LISTENER_DESTROY_ON_ERROR = false
    nServicing = class java.util.concurrent.atomic.AtomicInteger@dba4f42d
      serialVersionUID = 6214790243416807050
      unsafe = class sun.misc.Unsafe@8978db9
      valueOffset = 8
      value = 0
      serialVersionUID = -8742448824652078965
    lastAccessTime = 1579894880278
    state = -1
    logger = class com.ibm.ws.logging.internal.WsLogger@3ea31023
      tc = class com.ibm.websphere.ras.TraceComponent@f84572ab
      ivCachedResourceBundleName = "com.ibm.ws.webcontainer.resources.Messages"
      ivCachedResourceBundle = class com.ibm.ws.webcontainer.resources.Messages@d1c7be03
      ivComponent = null
      ivOrganization = null
      ivProduct = null
      ivMinimumLocalizationLevelIntValue = 625
      ivTC = class com.ibm.websphere.ras.TraceComponent@ebe2677
      loggerRegistrationComponent = class java.lang.ThreadLocal@af23ceb4
      emptyHandlers = class java.util.logging.Handler[0]
      offValue = 2147483647
      SYSTEM_LOGGER_RB_NAME = "sun.util.logging.resources.logging"
      SYSTEM_BUNDLE = class java.util.logging.Logger$LoggerBundle@97674515
      NO_RESOURCE_BUNDLE = class java.util.logging.Logger$LoggerBundle@21f7cec4
      manager = class com.ibm.ws.kernel.boot.logging.WsLogManager@c545bce4
      name = "com.ibm.ws.webcontainer.servlet"
      handlers = class java.util.concurrent.CopyOnWriteArrayList@774f745e
      loggerBundle = class java.util.logging.Logger$LoggerBundle@fc75ea6
      useParentHandlers = true
      filter = null
      anonymous = false
      catalog = class com.ibm.ws.webcontainer.resources.Messages@d1c7be03
      catalogName = "com.ibm.ws.webcontainer.resources.Messages"
      catalogLocale = class java.util.Locale@f583792f
      treeLock = class java.lang.Object@3db53c17
      parent = class com.ibm.ws.logging.internal.WsLogger@dc9d739c
      kids = null
      levelObject = class java.util.logging.Level@8c69728a
      levelValue = 800
      callersClassLoaderRef = class java.lang.ref.WeakReference@e06773f8
      isSystemLogger = false
      GLOBAL_LOGGER_NAME = "global"
      global = class java.util.logging.Logger@accdb459
      $assertionsDisabled = true
    CLASS_NAME = "com.ibm.ws.webcontainer.servlet.ServletWrapper"
    nls = class com.ibm.ejs.ras.TraceNLS@364c0349
      resolver = class com.ibm.ws.logging.internal.TraceNLSResolver@7138fe82
      finder = null
      ivBundleName = "com.ibm.ws.webcontainer.resources.Messages"
      caller = class java.lang.Class@9cc5c266
    servletConfig = class com.ibm.ws.webcontainer.servlet.ServletConfig@99832667
      logger = class com.ibm.ws.logging.internal.WsLogger@3ea31023
      CLASS_NAME = "com.ibm.ws.webcontainer.servlet.ServletConfig"
      nls = class com.ibm.ejs.ras.TraceNLS@c79913d2
      liberty_nls = class com.ibm.ejs.ras.TraceNLS@f3458e7a
      enabled = true
      servletName = "discovery"
      className = "org.springframework.web.servlet.DispatcherServlet"
      mappings = class java.util.ArrayList@feb576e6
      startUpWeight = 1
      DEFAULT_STARTUP = -1
      isCachingEnabled = true
      isStatisticsEnabled = true
      isInternal = false
      metaData = class com.ibm.ws.webcontainer.osgi.metadata.WebComponentMetaDataImpl@a0889af
      singleThreadModelServlet = false
      isJsp = false
      webAppConfig = class com.ibm.ws.webcontainer.osgi.webapp.WebAppConfiguration@58e8ccf6
      servletWrapper = class com.ibm.ws.webcontainer.osgi.servlet.ServletWrapper@5ac7934e
      servletClass = null
      servlet = null
      addedToLoadOnStartup = true
      previousWeight = null
      multipartConfig = null
      multipartConfigBaseLocation = null
      runAsRole = null
      servletSecurityElement = null
      declareRolesAnnotation = null
      logger = class com.ibm.ws.logging.internal.WsLogger@3ea31023
      CLASS_NAME = "com.ibm.ws.webcontainer.servlet.TargetConfig"
      initParams = null
      fileName = null
      displayName = null
      name = "discovery"
      description = null
      smallIcon = null
      largeIcon = null
      context = class com.ibm.ws.webcontainer31.facade.ServletContextFacade31@40d6ddb2
      className = null
      asyncSupported = false
      _id = "ServletGeneratedId14"
      _attributes = null
      serialVersionUID = 7511545662945734886
      $$$tc$$$ = class com.ibm.websphere.ras.TraceComponent@9d5bc31e
    context = class com.ibm.ws.webcontainer31.osgi.webapp.WebApp31@59d88047
    target = class org.springframework.web.servlet.DispatcherServlet@b3061147
      MULTIPART_RESOLVER_BEAN_NAME = "multipartResolver"
      LOCALE_RESOLVER_BEAN_NAME = "localeResolver"
      THEME_RESOLVER_BEAN_NAME = "themeResolver"
      HANDLER_MAPPING_BEAN_NAME = "handlerMapping"
      HANDLER_ADAPTER_BEAN_NAME = "handlerAdapter"
      HANDLER_EXCEPTION_RESOLVER_BEAN_NAME = "handlerExceptionResolver"
      REQUEST_TO_VIEW_NAME_TRANSLATOR_BEAN_NAME = "viewNameTranslator"
      VIEW_RESOLVER_BEAN_NAME = "viewResolver"
      FLASH_MAP_MANAGER_BEAN_NAME = "flashMapManager"
      WEB_APPLICATION_CONTEXT_ATTRIBUTE = "org.springframework.web.servlet.DispatcherServlet.CONTEXT"
      LOCALE_RESOLVER_ATTRIBUTE = "org.springframework.web.servlet.DispatcherServlet.LOCALE_RESOLVER"
      THEME_RESOLVER_ATTRIBUTE = "org.springframework.web.servlet.DispatcherServlet.THEME_RESOLVER"
      THEME_SOURCE_ATTRIBUTE = "org.springframework.web.servlet.DispatcherServlet.THEME_SOURCE"
      INPUT_FLASH_MAP_ATTRIBUTE = "org.springframework.web.servlet.DispatcherServlet.INPUT_FLASH_MAP"
      OUTPUT_FLASH_MAP_ATTRIBUTE = "org.springframework.web.servlet.DispatcherServlet.OUTPUT_FLASH_MAP"
      FLASH_MAP_MANAGER_ATTRIBUTE = "org.springframework.web.servlet.DispatcherServlet.FLASH_MAP_MANAGER"
      EXCEPTION_ATTRIBUTE = "org.springframework.web.servlet.DispatcherServlet.EXCEPTION"
      PAGE_NOT_FOUND_LOG_CATEGORY = "org.springframework.web.servlet.PageNotFound"
      DEFAULT_STRATEGIES_PATH = "DispatcherServlet.properties"
      DEFAULT_STRATEGIES_PREFIX = "org.springframework.web.servlet"
      pageNotFoundLogger = class org.apache.commons.logging.impl.SLF4JLocationAwareLog@eb7f5e96
      defaultStrategies = class java.util.Properties@7d4e0adc
      detectAllHandlerMappings = true
      detectAllHandlerAdapters = true
      detectAllHandlerExceptionResolvers = true
      detectAllViewResolvers = true
      throwExceptionIfNoHandlerFound = false
      cleanupAfterInclude = true
      multipartResolver = null
      localeResolver = null
      themeResolver = null
      handlerMappings = null
      handlerAdapters = null
      handlerExceptionResolvers = null
      viewNameTranslator = null
      flashMapManager = null
      viewResolvers = null
      DEFAULT_NAMESPACE_SUFFIX = "-servlet"
      DEFAULT_CONTEXT_CLASS = class java.lang.Class@6ea39cfb
      SERVLET_CONTEXT_PREFIX = "org.springframework.web.servlet.FrameworkServlet.CONTEXT."
      INIT_PARAM_DELIMITERS = ",; 	
"
      responseGetStatusAvailable = true
      contextAttribute = null
      contextClass = class java.lang.Class@6ea39cfb
      contextId = null
      namespace = null
      contextConfigLocation = null
      contextInitializers = class java.util.ArrayList@b5e6c5f
      contextInitializerClasses = null
      publishContext = true
      publishEvents = true
      threadContextInheritable = false
      dispatchOptionsRequest = true
      dispatchTraceRequest = false
      webApplicationContext = null
      webApplicationContextInjected = false
      refreshEventReceived = false
      logger = class org.apache.commons.logging.impl.SLF4JLocationAwareLog@2914fa2d
      environment = null
      requiredProperties = class java.util.HashSet@242b6a1e
      METHOD_DELETE = "DELETE"
      METHOD_HEAD = "HEAD"
      METHOD_GET = "GET"
      METHOD_OPTIONS = "OPTIONS"
      METHOD_POST = "POST"
      METHOD_PUT = "PUT"
      METHOD_TRACE = "TRACE"
      HEADER_IFMODSINCE = "If-Modified-Since"
      HEADER_LASTMOD = "Last-Modified"
      LSTRING_FILE = "javax.servlet.http.LocalStrings"
      lStrings = class java.util.PropertyResourceBundle@5dbd71a8
      LSTRING_FILE = "javax.servlet.LocalStrings"
      lStrings = class java.util.PropertyResourceBundle@65cc244c
      config = class com.ibm.ws.webcontainer.servlet.ServletConfig@99832667
    cacheWrappers = null
    targetLoader = class com.ibm.ws.classloading.internal.ThreadContextClassLoader@f38d4fd4
      tc = class com.ibm.websphere.ras.TraceComponent@d779176c
      bundle = class java.util.concurrent.atomic.AtomicReference@11b67710
      key = "WebModule:RTCP#RTCP.war"
      refCount = class java.util.concurrent.atomic.AtomicInteger@fd8a1a57
      appLoader = class com.ibm.ws.classloading.internal.AppClassLoader@4c2f52f8
      clSvc = class com.ibm.ws.classloading.internal.ClassLoadingServiceImpl@e401b470
      serialVersionUID = 846416563800781557
      followOnClassLoaders = class java.util.ArrayList@30d25b47
      serialVersionUID = -5107316606107305512
      $$$tc$$$ = class com.ibm.websphere.ras.TraceComponent@36daa77e
      serialVersionUID = -4868702105808481416
      $$$tc$$$ = class com.ibm.websphere.ras.TraceComponent@1c236872
      serialVersionUID = 2596921220292114344
      $$$tc$$$ = class com.ibm.websphere.ras.TraceComponent@d14679e4
      initialized = true
      pdcache = class java.util.HashMap@fea479c0
      debug = null
      defaultCodeSource = class java.security.CodeSource@dc962e79
      bootstrapClassLoader = class com.ibm.oti.vm.BootstrapClassLoader@f917eecf
      DELEGATING_CL = "sun.reflect.DelegatingClassLoader"
      isDelegatingCL = false
      applicationClassLoader = class sun.misc.Launcher$AppClassLoader@afe454c6
      initSystemClassLoader = false
      isAssertOptionFound = false
      vmRef = 363181264
      parent = class com.ibm.ws.classloading.internal.GatewayClassLoader@d9fa35eb
      checkAssertionOptions = false
      assertionLock = class java.lang.ClassLoader$AssertionLock@b4faec74
      defaultAssertionStatus = false
      packageAssertionStatus = null
      classAssertionStatus = null
      packages = class java.util.Hashtable@5c518e92
      lazyInitLock = class java.lang.ClassLoader$LazyInitLock@fc26ef8c
      classSigners = null
      packageSigners = null
      emptyCertificates = class java.security.cert.Certificate[0]
      defaultProtectionDomain = null
      parallelCapableCollection = class java.util.Collections$SynchronizedMap@3779dfac
      classNameBasedLock = null
      isParallelCapable = false
      EMPTY_PACKAGE_ARRAY = class java.lang.Package[0]
      methodTypeFromMethodDescriptorStringCache = null
      allowArraySyntax = false
      lazyClassLoaderInit = true
      specialLoaderInited = true
      internalAnonClassLoader = class java.lang.InternalAnonymousClassLoader@151f69d6
    evtSource = class com.ibm.ws.webcontainer.webapp.WebAppEventSource@3599dcbb
      _invocationListeners = class com.ibm.ws.webcontainer.util.EventListeners@837719b0
      _servletListeners = class com.ibm.ws.webcontainer.util.EventListeners@d2a43f5a
      _errorListeners = class com.ibm.ws.webcontainer.util.EventListeners@6275c4c4
      _applicationListeners = class com.ibm.ws.webcontainer.util.EventListeners@7e390be9
      _filterInvocationListeners = class com.ibm.ws.webcontainer.util.EventListeners@5e557034
      _filterListeners = class com.ibm.ws.webcontainer.util.EventListeners@a5aac2d4
      _filterErrorListeners = class com.ibm.ws.webcontainer.util.EventListeners@ff2c1986
    event = class com.ibm.websphere.servlet.event.ServletEvent@90a88b2
      serialVersionUID = 3906650803920713522
      _servletName = "discovery"
      _servletClassName = "org.springframework.web.servlet.DispatcherServlet"
      $$$tc$$$ = class com.ibm.websphere.ras.TraceComponent@32740413
      serialVersionUID = 3546927969739289392
      _context = class com.ibm.ws.webcontainer31.facade.ServletContextFacade31@40d6ddb2
      _servletNames = class com.ibm.ws.webcontainer.util.EmptyEnumeration@381ffd04
      $$$tc$$$ = class com.ibm.websphere.ras.TraceComponent@958d7fe4
      serialVersionUID = 5516075349620653480
      source = class com.ibm.ws.webcontainer.osgi.servlet.ServletWrapper@5ac7934e
    unavailableMessage = null
    unavailableUntil = -1
    isSTM = false
    internalServlet = false
    webAppInvocationCollaborators = null
    platformHelper = class com.ibm.ws.webcontainer.PlatformHelper@e034a0cf
    webAppNameSpaceCollab = class com.ibm.ws.webcontainer.osgi.collaborator.WebAppNameSpaceCollaboratorImpl@6c38aa6a
      cmdai = class com.ibm.ws.threadContext.ComponentMetaDataAccessorImpl@7178be69
    txCollab = class com.ibm.ws.webcontainer.collaborator.WebAppTransactionCollaborator@3d50ffa6
      logger = class com.ibm.ws.logging.internal.WsLogger@c021d2db
      CLASS_NAME = "com.ibm.ws.webcontainer.collaborator.WebAppTransactionCollaborator"
    connCollab = class com.ibm.ws.webcontainer.collaborator.ConnectionCollaborator@6b66651f
    suppressServletExceptionLogging = false
    throwExceptionEnum = class java.util.RegularEnumSet@3266de77
      serialVersionUID = 3411599620347842686
      elements = 256
      elementType = class java.lang.Class@a757dc9f
      universe = class com.ibm.wsspi.webcontainer.collaborator.CollaboratorInvocationEnum[9]
      ZERO_LENGTH_ENUM_ARRAY = class java.lang.Enum[0]
      MAX_ARRAY_SIZE = 2147483639
    discernUnavailableServlet = false
    reInitServletonInitUnavailableException = true
    destroyServletonServiceUnavailableException = false
    servlet23 = true
    PARAMS_HEAD_TRACE = class java.lang.Class[2]
      PARAMS_HEAD_TRACE[0] = class java.lang.Class@405a92ad
      PARAMS_HEAD_TRACE[1] = class java.lang.Class@48d5de6
    defaultHeadMethodInUse = false
    defaultTraceMethodInUse = false
    checkedForDefaultMethods = null
    defaultTraceRequestBehavior = false
    defaultHeadRequestBehavior = false
    useOriginalRequestState = false
    warningStatusSet = false
    LSTRING_FILE = "javax.servlet.LocalStrings"
    lStrings = class java.util.PropertyResourceBundle@65cc244c
      lookup = class java.util.HashMap@3e8182ab
      INITIAL_CACHE_SIZE = 32
      NONEXISTENT_BUNDLE = class java.util.ResourceBundle$1@84f941c2
      cacheList = class java.util.concurrent.ConcurrentHashMap@9a39a3ee
      referenceQueue = class java.lang.ref.ReferenceQueue@22880bf3
      parent = null
      locale = class java.util.Locale@508fc88e
      name = "javax.servlet.LocalStrings"
      expired = false
      cacheKey = class java.util.ResourceBundle$CacheKey@b0139332
      keySet = null
      providers = null
      vo = class java.lang.Object@427a2bf
      $assertionsDisabled = true
    config = null
  _filtersDefined = true
  logger = class com.ibm.ws.logging.internal.WsLogger@2e0fcef9
    tc = class com.ibm.websphere.ras.TraceComponent@f84572ab
      strings[0] = "TraceComponent[com.ibm.ws.logging.internal.WsLogger,class com.ibm.ws.logging.internal.WsLogger,[logging],com.ibm.ws.logging.internal.resources.LoggingMessages,null]"
    ivCachedResourceBundleName = null
    ivCachedResourceBundle = null
    ivComponent = null
    ivOrganization = null
    ivProduct = null
    ivMinimumLocalizationLevelIntValue = 625
    ivTC = class com.ibm.websphere.ras.TraceComponent@6a0f3a99
      strings[0] = "TraceComponent[com.ibm.ws.webcontainer.filter,class com.ibm.wsspi.webcontainer.logging.LoggerFactory$1,[com.ibm.ws.webcontainer.filter],null,null]"
    loggerRegistrationComponent = class java.lang.ThreadLocal@af23ceb4
      threadLocalHashCode = 422197726
      nextHashCode = class java.util.concurrent.atomic.AtomicInteger@b0c3b114
      HASH_INCREMENT = 1640531527
    emptyHandlers = class java.util.logging.Handler[0]
    offValue = 2147483647
    SYSTEM_LOGGER_RB_NAME = "sun.util.logging.resources.logging"
    SYSTEM_BUNDLE = class java.util.logging.Logger$LoggerBundle@97674515
      resourceBundleName = "sun.util.logging.resources.logging"
      userBundle = null
    NO_RESOURCE_BUNDLE = class java.util.logging.Logger$LoggerBundle@21f7cec4
      resourceBundleName = null
      userBundle = null
    manager = class com.ibm.ws.kernel.boot.logging.WsLogManager@c545bce4
      CLASS_NAME = "com.ibm.ws.kernel.boot.logging.WsLogManager"
      CONFIGURE_BY_SERVER_PROPERTY_NAME = "java.util.logging.configureByServer"
      CONFIGURE_BY_LOGGING_PROPERTIES_FILE = "java.util.logging.configureByLoggingPropertiesFile"
      configureByServer = true
      configureByLoggingProperties = false
      wsLogger = class java.lang.reflect.Constructor@fd7963e6
      resetEnabled = true
      manager = class com.ibm.ws.kernel.boot.logging.WsLogManager@c545bce4
      props = class java.util.Properties@f3d273eb
      defaultLevel = class java.util.logging.Level@8c69728a
      listenerMap = class java.util.HashMap@49014ba7
      systemContext = class java.util.logging.LogManager$SystemLoggerContext@b8801303
      userContext = class java.util.logging.LogManager$LoggerContext@51acd696
      rootLogger = class java.util.logging.LogManager$RootLogger@c191e6e7
      readPrimordialConfiguration = true
      initializedGlobalHandlers = true
      deathImminent = false
      initializedCalled = true
      initializationDone = true
      contextsMap = null
      loggerRefQueue = class java.lang.ref.ReferenceQueue@b2472801
      MAX_ITERATIONS = 400
      controlPermission = class java.util.logging.LoggingPermission@13f9539e
      loggingMXBean = null
      LOGGING_MXBEAN_NAME = "java.util.logging:type=Logging"
      $assertionsDisabled = true
    name = "com.ibm.ws.webcontainer.filter"
    handlers = class java.util.concurrent.CopyOnWriteArrayList@444dd6bd
      serialVersionUID = 8673264195747942595
      lock = class java.util.concurrent.locks.ReentrantLock@b48bdbe4
      array = class java.lang.Object[0]
      UNSAFE = class sun.misc.Unsafe@8978db9
      lockOffset = 8
    loggerBundle = class java.util.logging.Logger$LoggerBundle@f3b4ed2a
      resourceBundleName = "com.ibm.ws.webcontainer.resources.Messages"
      userBundle = null
    useParentHandlers = true
    filter = null
    anonymous = false
    catalog = class com.ibm.ws.webcontainer.resources.Messages@88693dac
      resources = class [Ljava.lang.Object;[332]
      lookup = class java.util.HashMap@70962537
      INITIAL_CACHE_SIZE = 32
      NONEXISTENT_BUNDLE = class java.util.ResourceBundle$1@84f941c2
      cacheList = class java.util.concurrent.ConcurrentHashMap@9a39a3ee
      referenceQueue = class java.lang.ref.ReferenceQueue@22880bf3
      parent = null
      locale = class java.util.Locale@508fc88e
      name = "com.ibm.ws.webcontainer.resources.Messages"
      expired = false
      cacheKey = class java.util.ResourceBundle$CacheKey@7366c6c2
      keySet = null
      providers = null
      vo = class java.lang.Object@427a2bf
      $assertionsDisabled = true
    catalogName = "com.ibm.ws.webcontainer.resources.Messages"
    catalogLocale = class java.util.Locale@f583792f
      LOCALECACHE = class java.util.Locale$Cache@b766f5ee
      ENGLISH = class java.util.Locale@d0819d88
      FRENCH = class java.util.Locale@7e04f97f
      GERMAN = class java.util.Locale@b2ae2995
      ITALIAN = class java.util.Locale@ca06cbb4
      JAPANESE = class java.util.Locale@4d6c49fe
      KOREAN = class java.util.Locale@3af08fac
      CHINESE = class java.util.Locale@14070dca
      SIMPLIFIED_CHINESE = class java.util.Locale@5a0027ba
      TRADITIONAL_CHINESE = class java.util.Locale@6fbe6bb6
      FRANCE = class java.util.Locale@fd396ea0
      GERMANY = class java.util.Locale@bf192977
      ITALY = class java.util.Locale@a035e861
      JAPAN = class java.util.Locale@9c802b3b
      KOREA = class java.util.Locale@1e74b1f
      CHINA = class java.util.Locale@5a0027ba
      PRC = class java.util.Locale@5a0027ba
      TAIWAN = class java.util.Locale@6fbe6bb6
      UK = class java.util.Locale@7c070234
      US = class java.util.Locale@f583792f
      CANADA = class java.util.Locale@7a743034
      CANADA_FRENCH = class java.util.Locale@e3f09de
      ROOT = class java.util.Locale@508fc88e
      PRIVATE_USE_EXTENSION = x
      UNICODE_LOCALE_EXTENSION = u
      serialVersionUID = 9149081749638150636
      DISPLAY_LANGUAGE = 0
      DISPLAY_COUNTRY = 1
      DISPLAY_VARIANT = 2
      DISPLAY_SCRIPT = 3
      baseLocale = class sun.util.locale.BaseLocale@d43208fc
      localeExtensions = null
      hashCodeValue = 96636889
      defaultLocale = class java.util.Locale@f583792f
      defaultDisplayLocale = null
      defaultFormatLocale = class java.util.Locale@f583792f
      languageTag = "en-US"
      serialPersistentFields = class java.io.ObjectStreamField[6]
      isoLanguages = null
      isoCountries = null
      $assertionsDisabled = true
    treeLock = class java.lang.Object@3db53c17
    parent = class com.ibm.ws.logging.internal.WsLogger@dc9d739c
      tc = class com.ibm.websphere.ras.TraceComponent@f84572ab
      ivCachedResourceBundleName = "com.ibm.ws.webcontainer.resources.Messages"
      ivCachedResourceBundle = class com.ibm.ws.webcontainer.resources.Messages@d1c7be03
      ivComponent = null
      ivOrganization = null
      ivProduct = null
      ivMinimumLocalizationLevelIntValue = 625
      ivTC = class com.ibm.websphere.ras.TraceComponent@518392bf
      loggerRegistrationComponent = class java.lang.ThreadLocal@af23ceb4
      emptyHandlers = class java.util.logging.Handler[0]
      offValue = 2147483647
      SYSTEM_LOGGER_RB_NAME = "sun.util.logging.resources.logging"
      SYSTEM_BUNDLE = class java.util.logging.Logger$LoggerBundle@97674515
      NO_RESOURCE_BUNDLE = class java.util.logging.Logger$LoggerBundle@21f7cec4
      manager = class com.ibm.ws.kernel.boot.logging.WsLogManager@c545bce4
      name = "com.ibm.ws.webcontainer"
      handlers = class java.util.concurrent.CopyOnWriteArrayList@a6cfbd5c
      loggerBundle = class java.util.logging.Logger$LoggerBundle@df8f4aab
      useParentHandlers = true
      filter = null
      anonymous = false
      catalog = class com.ibm.ws.webcontainer.resources.Messages@d1c7be03
      catalogName = "com.ibm.ws.webcontainer.resources.Messages"
      catalogLocale = class java.util.Locale@f583792f
      treeLock = class java.lang.Object@3db53c17
      parent = class java.util.logging.Logger@8ac6066e
      kids = class java.util.ArrayList@c655fc04
      levelObject = class java.util.logging.Level@8c69728a
      levelValue = 800
      callersClassLoaderRef = class java.lang.ref.WeakReference@602e900e
      isSystemLogger = false
      GLOBAL_LOGGER_NAME = "global"
      global = class java.util.logging.Logger@accdb459
      $assertionsDisabled = true
    kids = null
    levelObject = class java.util.logging.Level@8c69728a
      defaultBundle = "sun.util.logging.resources.logging"
      name = "INFO"
      value = 800
      resourceBundleName = "sun.util.logging.resources.logging"
      localizedLevelName = "INFO"
      cachedLocale = class java.util.Locale@f583792f
      OFF = class java.util.logging.Level@cfd929e8
      SEVERE = class java.util.logging.Level@90813262
      WARNING = class java.util.logging.Level@70040001
      INFO = class java.util.logging.Level@8c69728a
      CONFIG = class java.util.logging.Level@6b5f0f69
      FINE = class java.util.logging.Level@43915940
      FINER = class java.util.logging.Level@1308e860
      FINEST = class java.util.logging.Level@54d851c3
      ALL = class java.util.logging.Level@416784a8
      serialVersionUID = -8176160795706313070
    levelValue = 800
    callersClassLoaderRef = class java.lang.ref.WeakReference@17895bde
      STATE_INITIAL = 0
      STATE_CLEARED = 1
      STATE_ENQUEUED = 2
      referent = class org.eclipse.osgi.internal.loader.EquinoxClassLoader@7c053404
      queue = null
      state = 0
    isSystemLogger = false
    GLOBAL_LOGGER_NAME = "global"
    global = class java.util.logging.Logger@accdb459
      emptyHandlers = class java.util.logging.Handler[0]
      offValue = 2147483647
      SYSTEM_LOGGER_RB_NAME = "sun.util.logging.resources.logging"
      SYSTEM_BUNDLE = class java.util.logging.Logger$LoggerBundle@97674515
      NO_RESOURCE_BUNDLE = class java.util.logging.Logger$LoggerBundle@21f7cec4
      manager = class com.ibm.ws.kernel.boot.logging.WsLogManager@c545bce4
      name = "global"
      handlers = class java.util.concurrent.CopyOnWriteArrayList@180977b8
      loggerBundle = class java.util.logging.Logger$LoggerBundle@21f7cec4
      useParentHandlers = true
      filter = null
      anonymous = false
      catalog = null
      catalogName = null
      catalogLocale = null
      treeLock = class java.lang.Object@3db53c17
      parent = class java.util.logging.Logger@8ac6066e
      kids = null
      levelObject = null
      levelValue = 800
      callersClassLoaderRef = null
      isSystemLogger = true
      GLOBAL_LOGGER_NAME = "global"
      global = class java.util.logging.Logger@accdb459
      $assertionsDisabled = true
    $assertionsDisabled = true
  CLASS_NAME = "com.ibm.ws.webcontainer.filter.WebAppFilterChain"
  webapp = class com.ibm.ws.webcontainer31.osgi.webapp.WebApp31@59d88047
    tc = class com.ibm.websphere.ras.TraceComponent@d75c5bc2
      strings[0] = "TraceComponent[com.ibm.ws.webcontainer31.osgi.webapp.WebApp31,class com.ibm.ws.webcontainer31.osgi.webapp.WebApp31,[webcontainer],com.ibm.ws.webcontainer31.resources.Messages,null]"
    CLASS_NAME = "com.ibm.ws.webcontainer31.osgi.webapp.WebApp31"
    servlet31NLS = class com.ibm.ejs.ras.TraceNLS@2169f675
      resolver = class com.ibm.ws.logging.internal.TraceNLSResolver@7138fe82
      finder = null
      ivBundleName = "com.ibm.ws.webcontainer31.resources.Messages"
      caller = class java.lang.Class@92fcb47f
    validListenerClasses = class java.lang.Class[7]
      validListenerClasses[0] = class java.lang.Class@615c2b4d
      validListenerClasses[1] = class java.lang.Class@1c066e14
      validListenerClasses[2] = class java.lang.Class@f2a25016
      validListenerClasses[3] = class java.lang.Class@1acafca6
      validListenerClasses[4] = class java.lang.Class@6ad54d7a
      validListenerClasses[5] = class java.lang.Class@8a5811a0
      validListenerClasses[6] = class java.lang.Class@c77647ad
    wsocServHandler = null
    tc = class com.ibm.websphere.ras.TraceComponent@32ef86c0
      strings[0] = "TraceComponent[com.ibm.ws.webcontainer.osgi.webapp.WebApp,class com.ibm.ws.webcontainer.osgi.webapp.WebApp,[webcontainer],com.ibm.ws.webcontainer.resources.LShimMessages,null]"
    CLASS_NAME = "com.ibm.ws.webcontainer.osgi.webapp.WebApp"
    metaDataService = class com.ibm.ws.container.service.metadata.internal.MetaDataServiceImpl@3aa2b5a7
      applicationMetaDataManager = class com.ibm.ws.container.service.metadata.internal.ApplicationMetaDataManager@4f01c3c3
      moduleMetaDataManager = class com.ibm.ws.container.service.metadata.internal.ModuleMetaDataManager@340a5c98
      componentMetaDataManager = class com.ibm.ws.container.service.metadata.internal.ComponentMetaDataManager@9ba1d4ad
      methodMetaDataManager = class com.ibm.ws.container.service.metadata.internal.MethodMetaDataManager@2bba535
      appModuleNameToModuleContainer = class java.util.concurrent.ConcurrentHashMap@c181e974
      jeeNameToComponentMetaData = class java.util.concurrent.ConcurrentHashMap@9f403aec
      deferredMetaDataFactories = class com.ibm.wsspi.kernel.service.utils.ConcurrentServiceReferenceSet@a4cb8cc8
      deferredMetaDataInitializers = class com.ibm.wsspi.kernel.service.utils.ConcurrentServiceReferenceMap@50e4c565
      serialVersionUID = -2494605732980966097
      $$$tc$$$ = class com.ibm.websphere.ras.TraceComponent@35e44303
    namespacePopulated = false
    referenceContext = class com.ibm.ws.injectionengine.osgi.internal.OSGiReferenceContextImpl@394599d4
      scopeData = class com.ibm.ws.injectionengine.osgi.internal.OSGiInjectionScopeData@a9d6f26f
      serialVersionUID = 521511923892134915
      $$$tc$$$ = class com.ibm.websphere.ras.TraceComponent@9c6a4059
      CLASS_NAME = "com.ibm.ws.injectionengine.ReferenceContextImpl"
      tc = class com.ibm.websphere.ras.TraceComponent@94baede9
      ivInjectionEngine = class com.ibm.ws.injectionengine.osgi.internal.OSGiInjectionEngineImpl@14966c6d
      ivProviders = class java.util.ArrayList@5ffcda68
      ivComponentJavaContext = null
      ivComponentNameSpace = null
      ivJavaColonCompEnvMap = class java.util.LinkedHashMap@9d812363
      ivEjbContext10 = class java.util.Properties@73628717
      ivResourceRefConfigList = null
      isAlreadyProcessed = true
      ivProcessFailure = null
      ivInjectionTargetMap = class java.util.concurrent.ConcurrentHashMap@6dadc8bd
      svInjTarMapCacheSize = 256
      ivDeclaredInjectionTargets = class java.util.HashMap@1d87ab04
      ivProcessedInjectionClasses = class java.util.HashSet@3969a3c4
      ivProcessedInjectionBindings = class java.util.ArrayList@84d21140
      ivAnyProcessDynamic = false
      ivCheckAppConfig = false
    j2eeNameFactory = class com.ibm.ws.container.service.metadata.internal.J2EENameFactoryImpl@37005017
      serialVersionUID = 3486344295038028821
      $$$tc$$$ = class com.ibm.websphere.ras.TraceComponent@f687278a
    moduleLoader = class com.ibm.ws.classloading.internal.AppClassLoader@4c2f52f8
      tc = class com.ibm.websphere.ras.TraceComponent@9593176c
      PARENT_FIRST_SEARCH_ORDER = class java.util.Collections$UnmodifiableRandomAccessList@4f356c20
      CLASS_LOADING_TRACE_PREFIX = "com.ibm.ws.class.load."
      DEFAULT_PACKAGE = "default.package"
      perPackageClassLoadingTraceComponents = class java.util.concurrent.ConcurrentHashMap@687c738b
      config = class com.ibm.ws.classloading.internal.ClassLoaderConfigurationImpl@17463469
      privateLibraries = null
      delegateLoaders = class com.ibm.ws.classloading.internal.util.CompositeIterable@8af81991
      nativeLibraryFiles = class java.util.ArrayList@5d856aee
      transformers = class java.util.ArrayList@9fab6444
      apiAccess = class com.ibm.ws.classloading.internal.GatewayClassLoader@c0c1be7b
      generator = class com.ibm.ws.classloading.internal.ClassGeneratorManager@1aadb0c4
      protectionDomains = class java.util.concurrent.ConcurrentHashMap@9a575484
      parent = class com.ibm.ws.classloading.internal.GatewayClassLoader@c0c1be7b
      serialVersionUID = 952643806680066297
      tc = class com.ibm.websphere.ras.TraceComponent@ba2bd606
      EMPTY_URL_ARRAY = class java.net.URL[0]
      smartClassPath = class com.ibm.ws.classloading.internal.ContainerClassLoader$SmartClassPathImpl@98860df2
      nativeLibraryContainers = class java.util.ArrayList@97ff459c
      redefiner = class com.ibm.ws.classloading.internal.util.ClassRedefiner@1309cae2
      mapCreationQueue = class java.util.concurrent.Executors$FinalizableDelegatedExecutorService@eaedb2bc
      serialVersionUID = 7249739282446266343
      serialVersionUID = -7411549862368381758
      $$$tc$$$ = class com.ibm.websphere.ras.TraceComponent@93a5a8bf
      serialVersionUID = -4868702105808481416
      $$$tc$$$ = class com.ibm.websphere.ras.TraceComponent@1c236872
      serialVersionUID = 2596921220292114344
      $$$tc$$$ = class com.ibm.websphere.ras.TraceComponent@d14679e4
      initialized = true
      pdcache = class java.util.HashMap@a35ea090
      debug = null
      defaultCodeSource = class java.security.CodeSource@dc962e79
      bootstrapClassLoader = class com.ibm.oti.vm.BootstrapClassLoader@f917eecf
      DELEGATING_CL = "sun.reflect.DelegatingClassLoader"
      isDelegatingCL = false
      applicationClassLoader = class sun.misc.Launcher$AppClassLoader@afe454c6
      initSystemClassLoader = false
      isAssertOptionFound = false
      vmRef = 363181032
      parent = class com.ibm.ws.classloading.internal.GatewayClassLoader@c0c1be7b
      checkAssertionOptions = false
      assertionLock = class java.lang.ClassLoader$AssertionLock@4f3a2a1a
      defaultAssertionStatus = false
      packageAssertionStatus = null
      classAssertionStatus = null
      packages = class java.util.Hashtable@5820971b
      lazyInitLock = class java.lang.ClassLoader$LazyInitLock@b69d69de
      classSigners = null
      packageSigners = class java.util.Hashtable@1ccc052f
      emptyCertificates = class java.security.cert.Certificate[0]
      defaultProtectionDomain = null
      parallelCapableCollection = class java.util.Collections$SynchronizedMap@3779dfac
      classNameBasedLock = null
      isParallelCapable = false
      EMPTY_PACKAGE_ARRAY = class java.lang.Package[0]
      methodTypeFromMethodDescriptorStringCache = class java.util.concurrent.ConcurrentHashMap@142f0c6c
      allowArraySyntax = false
      lazyClassLoaderInit = true
      specialLoaderInited = true
      internalAnonClassLoader = class java.lang.InternalAnonymousClassLoader@151f69d6
    webAppConfig = class com.ibm.ws.webcontainer.osgi.webapp.WebAppConfiguration@58e8ccf6
      webModuleMetaData = class com.ibm.ws.webcontainer.osgi.metadata.WebModuleMetaDataImpl@6ee56be7
      webComponentMetaData = class com.ibm.ws.webcontainer.osgi.metadata.WebComponentMetaDataImpl@c31890bd
      dVirtualHost = class com.ibm.ws.webcontainer.osgi.DynamicVirtualHost@6bc14bc0
      orderedLibPaths = class java.util.Collections$UnmodifiableRandomAccessList@7823fd2e
      bundleHeaders = null
      cdiEnabled = false
      CLASS_NAME = "com.ibm.ws.webcontainer.webapp.WebAppConfiguration"
      logger = class com.ibm.ws.logging.internal.WsLogger@59ffeffb
      tc = class com.ibm.websphere.ras.TraceComponent@f4285bbf
      nls = class com.ibm.ejs.ras.TraceNLS@9b1141f
      version = 31
      contextRoot = "/RTCP"
      sessionTimeout = 0
      moduleSessionTimeoutSet = false
      moduleSessionTrackingModeSet = false
      sessionCookieConfig = class com.ibm.ws.session.SessionCookieConfigImpl@3d3a1cb9
      hasProgrammaticCookieConfig = false
      sessionDefaultTrackingModeSet = class java.util.RegularEnumSet@63c59f4c
      sessionManagerConfig = class com.ibm.ws.session.SessionManagerConfig@4dc1d154
      displayName = "RTCP"
      description = null
      reloadInterval = 0
      distributable = false
      denyUncoveredHttpMethods = false
      reloadingEnabled = false
      serveServletsByClassnameEnabled = false
      defaultErrorPage = null
      additionalClassPath = null
      fileServingEnabled = null
      directoryBrowsingEnabled = false
      autoRequestEncoding = false
      autoResponseEncoding = false
      autoLoadFilters = false
      requestListeners = null
      requestAttributeListeners = null
      sessionListeners = null
      localeMap = null
      moduleName = "RTCP"
      j2eeModuleName = "RTCP.war"
      moduleId = null
      isSyncToThreadEnabled = false
      encodeDispatchedRequestURI = false
      isSystemApp = false
      ardEnabled = false
      ardDispatchType = null
      listeners = class java.util.ArrayList@81c7c11e
      welcomeFileList = class java.util.ArrayList@befe30d7
      servletMappings = class java.util.HashMap@d7059db4
      lastIndexBeforeDeclaredFilters = 0
      filterMappings = class java.util.ArrayList@75cc28f8
      servletInfo = class java.util.HashMap@9e4c277e
      filterInfo = class java.util.HashMap@52aaef32
      mimeMappings = class java.util.HashMap@47067da8
      mimeFilters = null
      isMimeFilteringEnabled = false
      theWebGroup = null
      jspAttributes = class java.util.HashMap@af2de6b5
      fileServingAttributes = class java.util.HashMap@17b8d4ea
      invokerAttributes = class java.util.HashMap@58813668
      contextParams = class java.util.HashMap@e8be5134
      virtualHost = "default_host"
      exceptionErrorPages = class java.util.HashMap@8056ba20
      codeErrorPages = class java.util.HashMap@93e252df
      tagLibList = null
      precompileJsps = false
      webApp = class com.ibm.ws.webcontainer31.osgi.webapp.WebApp31@59d88047
      virtualHostList = class java.util.Collections$EmptyList@5985398f
      appStartupWeight = 0
      moduleStartupWeight = 0
      metaDataComplete = false
      classesToScan = class java.util.ArrayList@108cda6c
      uriFilterMappingInfos = class java.util.ArrayList@8e26a34e
      servletFilterMappingInfos = null
      dynamicServletRegistrationMap = null
      applicationName = "RTCP"
      libBinPathList = null
      webXmlDefinedListeners = class java.util.HashSet@f9bd2202
      allRefs = class java.util.EnumMap@d8a2f52
      allRefBindings = class java.util.EnumMap@49895de
      envEntryValues = class java.util.HashMap@de4a771d
      resourceRefConfigList = null
      disallowAllFileServingProp = "false"
      disallowServeServletsByClassnameProp = "true"
      disableStaticMappingCache = false
      jspCachedLocations = class java.util.HashMap@3bb7b07
      primedSTSHeader = "NoValue"
      enablemultireadofpostdata = false
      _id = "WebAppGeneratedId2"
      _attributes = null
      serialVersionUID = 7511545662945734886
      $$$tc$$$ = class com.ibm.websphere.ras.TraceComponent@9d5bc31e
    extensionProcessingDisabled = false
    managedObjectService = class com.ibm.ws.managedobject.internal.ManagedObjectServiceImpl@dc80a045
      serialVersionUID = 2287241231190391755
      $$$tc$$$ = class com.ibm.websphere.ras.TraceComponent@54ff558e
    GenPluginCfgMB = null
    internalServletMetaData = interface com.ibm.wsspi.webcontainer.metadata.WebComponentMetaData[2]
      internalServletMetaData[0] = null
      internalServletMetaData[1] = null
    loginProcessor = null
    logoutProcessor = null
    collabHelper = class com.ibm.ws.webcontainer.osgi.collaborator.CollaboratorHelperImpl@1b9c4ae7
    envObject = class com.ibm.ws.util.WSThreadLocal@9b4e7c19
      tc = class com.ibm.ejs.ras.TraceComponent@689f7eb6
      count = 6
      index = 1
      SUSPECTED_MISUSAGE_THRESHOLD = 200
      threadLocalHashCode = 1702129512
      nextHashCode = class java.util.concurrent.atomic.AtomicInteger@b0c3b114
      HASH_INCREMENT = 1640531527
    orderedLibPaths = class java.util.Collections$UnmodifiableRandomAccessList@7823fd2e
      serialVersionUID = -2542308836966382001
      serialVersionUID = -283967356065247728
      list = class java.util.ArrayList@7dcfae49
      serialVersionUID = 1820017752578914078
      c = class java.util.ArrayList@7dcfae49
    perm = class com.ibm.websphere.security.WebSphereRuntimePermission@8f612df
      serialVersionUID = -3306242789188168337
      $$$tc$$$ = class com.ibm.websphere.ras.TraceComponent@c696730f
      serialVersionUID = 6279438298436773498
      wildcard = false
      path = "accessServletContext"
      exitVM = false
      serialVersionUID = -5636570222231596674
      name = "accessServletContext"
    WELCOME_FILE_LIST = "com.ibm.ws.webcontainer.config.WelcomeFileList"
    DIR_BROWSING_MAPPING = "__dirBrowsing__1579894856786"
    FILTER_PROXY_MAPPING = "/__filterProxy__1579894856786"
    logger = class com.ibm.ws.logging.internal.WsLogger@59ffeffb
      tc = class com.ibm.websphere.ras.TraceComponent@f84572ab
      ivCachedResourceBundleName = "com.ibm.ws.webcontainer.resources.Messages"
      ivCachedResourceBundle = class com.ibm.ws.webcontainer.resources.Messages@d1c7be03
      ivComponent = null
      ivOrganization = null
      ivProduct = null
      ivMinimumLocalizationLevelIntValue = 625
      ivTC = class com.ibm.websphere.ras.TraceComponent@94576153
      loggerRegistrationComponent = class java.lang.ThreadLocal@af23ceb4
      emptyHandlers = class java.util.logging.Handler[0]
      offValue = 2147483647
      SYSTEM_LOGGER_RB_NAME = "sun.util.logging.resources.logging"
      SYSTEM_BUNDLE = class java.util.logging.Logger$LoggerBundle@97674515
      NO_RESOURCE_BUNDLE = class java.util.logging.Logger$LoggerBundle@21f7cec4
      manager = class com.ibm.ws.kernel.boot.logging.WsLogManager@c545bce4
      name = "com.ibm.ws.webcontainer.webapp"
      handlers = class java.util.concurrent.CopyOnWriteArrayList@26c7b216
      loggerBundle = class java.util.logging.Logger$LoggerBundle@b9e97f40
      useParentHandlers = true
      filter = null
      anonymous = false
      catalog = class com.ibm.ws.webcontainer.resources.Messages@d1c7be03
      catalogName = "com.ibm.ws.webcontainer.resources.Messages"
      catalogLocale = class java.util.Locale@f583792f
      treeLock = class java.lang.Object@3db53c17
      parent = class com.ibm.ws.logging.internal.WsLogger@dc9d739c
      kids = null
      levelObject = class java.util.logging.Level@8c69728a
      levelValue = 800
      callersClassLoaderRef = class java.lang.ref.WeakReference@c3c02e25
      isSystemLogger = false
      GLOBAL_LOGGER_NAME = "global"
      global = class java.util.logging.Logger@accdb459
      $assertionsDisabled = true
    CLASS_NAME = "com.ibm.ws.webcontainer.webapp.WebApp"
    loader = class com.ibm.ws.classloading.internal.ThreadContextClassLoader@f38d4fd4
    facade = class com.ibm.ws.webcontainer31.facade.ServletContextFacade31@40d6ddb2
      context = class com.ibm.ws.webcontainer31.osgi.webapp.WebApp31@59d88047
    features = class java.util.ArrayList@ebf7fc1
      serialVersionUID = 8683452581122892189
      DEFAULT_CAPACITY = 10
      EMPTY_ELEMENTDATA = class java.lang.Object[0]
      DEFAULTCAPACITY_EMPTY_ELEMENTDATA = class java.lang.Object[0]
      elementData = class java.lang.Object[0]
      size = 0
      MAX_ARRAY_SIZE = 2147483639
      modCount = 0
      MAX_ARRAY_SIZE = 2147483639
    applicationName = "RTCP"
    config = class com.ibm.ws.webcontainer.osgi.webapp.WebAppConfiguration@58e8ccf6
    securityEnabledForApp = false
    webExtensionProcessor = class com.ibm.ws.webcontainer.osgi.extension.WebExtensionProcessor@ef2a41fc
      webApp = class com.ibm.ws.webcontainer31.osgi.webapp.WebApp31@59d88047
      extensionContext = class com.ibm.ws.webcontainer31.osgi.webapp.WebApp31@59d88047
    production = true
    isServlet23 = true
    contextPath = "/RTCP"
    internalServletList = class [Ljava.lang.String;[2]
      internalServletList[0] = class java.lang.String[2]
      internalServletList[1] = class java.lang.String[2]
    BY_NAME_ONLY = "/_1579894878654_/"
    filterManager = class com.ibm.ws.webcontainer.osgi.filter.WebAppFilterManagerImpl@d40f0cf6
      _filterWrappers = class java.util.Hashtable@d63e82ff
      chainCache = class java.util.Collections$SynchronizedMap@773b6da7
      forwardChainCache = class java.util.Collections$SynchronizedMap@3cf1fa61
      includeChainCache = class java.util.Collections$SynchronizedMap@5fe6a231
      errorChainCache = class java.util.Collections$SynchronizedMap@9bf54f74
      _filtersDefined = true
      FMI_MAPPING_SINGLE_SLASH = 0
      FMI_MAPPING_PATH_MATCH = 1
      FMI_MAPPING_EXTENSION_MATCH = 2
      FMI_MAPPING_EXACT_MATCH = 3
      logger = class com.ibm.ws.logging.internal.WsLogger@2e0fcef9
      CLASS_NAME = "com.ibm.ws.webcontainer.filter.WebAppFilterManager"
      nls = class com.ibm.ejs.ras.TraceNLS@96fcbd5f
      webAppConfig = class com.ibm.ws.webcontainer.osgi.webapp.WebAppConfiguration@58e8ccf6
      webApp = class com.ibm.ws.webcontainer31.osgi.webapp.WebApp31@59d88047
      collabHelper = class com.ibm.ws.webcontainer.osgi.collaborator.CollaboratorHelperImpl@1b9c4ae7
      webAppNameSpaceCollab = class com.ibm.ws.webcontainer.osgi.collaborator.WebAppNameSpaceCollaboratorImpl@6c38aa6a
      secCollab = class com.ibm.ws.webcontainer.collaborator.WebAppSecurityCollaborator@8ecac7c7
      sessionSecurityIntegrationEnabled = true
      assumeFilterSuccessOnSecurityError = false
      useOriginalRequestState = false
      _evtSource = class com.ibm.ws.webcontainer.webapp.WebAppEventSource@3599dcbb
      defaultComponentMetaData = class com.ibm.ws.webcontainer.osgi.metadata.WebComponentMetaDataImpl@c31890bd
      DEFER_SERVLET_REQUEST_LISTENER_DESTROY_ON_ERROR = false
    documentRoot = null
    SERVLET_API_VERSION = "Servlet 2.5"
    disableServletAuditLogging = 0
    serverInfo = "IBM WebSphere Liberty/${liberty.service.version}"
    sessionCtx = class com.ibm.ws.webcontainer31.session.impl.HttpSessionContext31Impl@6b3b9faf
      methodClassName = "HttpSessionContextImpl"
      _smc = class com.ibm.ws.session.SessionManagerConfig@4dc1d154
      sessionStoreService = null
      _sap = class com.ibm.ws.session.SessionApplicationParameters@d24023db
      _coreHttpSessionManager = class com.ibm.ws.session.SessionManager@cc2425d9
      _coreHttpAppSessionManager = null
      _sam = class com.ibm.ws.webcontainer.session.impl.SessionAffinityManagerImpl@e72d1136
      isSIPApplication = false
      sessionAttributeListener = false
      sessionListener = false
      mHttpSessionAttributeListeners = class java.util.ArrayList@de321a9c
      mHttpSessionListeners = class java.util.ArrayList@2dbeb2ed
      mHttpSessionIdListeners = class java.util.ArrayList@c9fc4035
      mHttpSessionAttributeListenersJ2eeNames = class java.util.ArrayList@5bb61d46
      mHttpSessionListenersJ2eeNames = class java.util.ArrayList@228248a2
      mHttpSessionIdListenersJ2eeNames = class java.util.ArrayList@2855babf
      mLocalHost = null
      _refCount = 1
      currentThreadSacHashtable = null
      methodClassName = "SessionContext"
      ANONYMOUS_USER = "anonymous"
      wasHttpSessionObserver = class com.ibm.ws.session.WasHttpSessionObserver@5dbac0d4
      wasHttpSessionAttributeObserver = null
      _invalidator = class com.ibm.ws.session.SessionInvalidatorWithThreadPool@997e8933
      _storer = class com.ibm.ws.session.EOSSessionStorer@e38e2b8a
      wasHttpAppSessionObserver = null
      mHttpAppSessionListeners = null
      cmvcInfo = "CMVC Version 1.9 6/24/07 11:12:24"
      _loggedVersion = true
      CREATE_CORE_SESSION_MANAGER = 0
      GET_REQUESTED_SESSION_ID = 1
      GET_IHTTP_SESSION = 2
      SESSION_PRE_INVOKE = 3
      SESSION_POST_INVOKE = 4
      STOP = 5
      STOP_LISTENERS = 6
      IS_VALID = 7
      ENCODE_URL = 8
      SHOULD_ENCODE_URL = 9
      IS_PROTOCOL_SWITCH = 10
      GET_LOCAL_HOST = 11
      ADD_HTTP_SESSION_ATTRIBUTE_LISTENER = 12
      ADD_HTTP_SESSION_LISTENER = 13
      GET_SESSION_AFFINITY_CONTEXT = 14
      CHECK_SECURITY = 15
      INVALIDATE = 16
      CHECK_SESSSIONID_IS_RIGHT_LENGTH = 17
      LOCK_SESSION = 18
      UNLOCK_SESSION = 19
      ADD_HTTP_SESSION_ID_LISTENER = 20
      methodNames = class java.lang.String[21]
    eventSource = class com.ibm.ws.webcontainer.webapp.WebAppEventSource@3599dcbb
    nls = class com.ibm.ejs.ras.TraceNLS@bbb2cf0
      resolver = class com.ibm.ws.logging.internal.TraceNLSResolver@7138fe82
      finder = null
      ivBundleName = "com.ibm.ws.webcontainer.resources.Messages"
      caller = class java.lang.Class@32b1e1b3
    liberty_nls = class com.ibm.ejs.ras.TraceNLS@5aa9fc5d
      resolver = class com.ibm.ws.logging.internal.TraceNLSResolver@7138fe82
      finder = null
      ivBundleName = "com.ibm.ws.webcontainer.resources.LShimMessages"
      caller = class java.lang.Class@32b1e1b3
    error_nls = class com.ibm.ejs.ras.TraceNLS@4a538044
      resolver = class com.ibm.ws.logging.internal.TraceNLSResolver@7138fe82
      finder = null
      ivBundleName = "com.ibm.ws.webcontainer.resources.ErrorPage"
      caller = class java.lang.Class@32b1e1b3
    sessionListeners = class java.util.ArrayList@ecaec2
      serialVersionUID = 8683452581122892189
      DEFAULT_CAPACITY = 10
      EMPTY_ELEMENTDATA = class java.lang.Object[0]
      DEFAULTCAPACITY_EMPTY_ELEMENTDATA = class java.lang.Object[0]
      elementData = class java.lang.Object[0]
      size = 0
      MAX_ARRAY_SIZE = 2147483639
      modCount = 1
      MAX_ARRAY_SIZE = 2147483639
    sessionIdListeners = class java.util.ArrayList@60f1ff8d
      serialVersionUID = 8683452581122892189
      DEFAULT_CAPACITY = 10
      EMPTY_ELEMENTDATA = class java.lang.Object[0]
      DEFAULTCAPACITY_EMPTY_ELEMENTDATA = class java.lang.Object[0]
      elementData = class java.lang.Object[0]
      size = 0
      MAX_ARRAY_SIZE = 2147483639
      modCount = 0
      MAX_ARRAY_SIZE = 2147483639
    sessionAttrListeners = class java.util.ArrayList@f3773e81
      serialVersionUID = 8683452581122892189
      DEFAULT_CAPACITY = 10
      EMPTY_ELEMENTDATA = class java.lang.Object[0]
      DEFAULTCAPACITY_EMPTY_ELEMENTDATA = class java.lang.Object[0]
      elementData = class java.lang.Object[0]
      size = 0
      MAX_ARRAY_SIZE = 2147483639
      modCount = 1
      MAX_ARRAY_SIZE = 2147483639
    addedSessionListeners = class java.util.ArrayList@73b1d067
      serialVersionUID = 8683452581122892189
      DEFAULT_CAPACITY = 10
      EMPTY_ELEMENTDATA = class java.lang.Object[0]
      DEFAULTCAPACITY_EMPTY_ELEMENTDATA = class java.lang.Object[0]
      elementData = class java.lang.Object[0]
      size = 0
      MAX_ARRAY_SIZE = 2147483639
      modCount = 0
      MAX_ARRAY_SIZE = 2147483639
    addedSessionAttrListeners = class java.util.ArrayList@e91057f7
      serialVersionUID = 8683452581122892189
      DEFAULT_CAPACITY = 10
      EMPTY_ELEMENTDATA = class java.lang.Object[0]
      DEFAULTCAPACITY_EMPTY_ELEMENTDATA = class java.lang.Object[0]
      elementData = class java.lang.Object[0]
      size = 0
      MAX_ARRAY_SIZE = 2147483639
      modCount = 0
      MAX_ARRAY_SIZE = 2147483639
    servletContextListeners = class java.util.ArrayList@91c22a05
      serialVersionUID = 8683452581122892189
      DEFAULT_CAPACITY = 10
      EMPTY_ELEMENTDATA = class java.lang.Object[0]
      DEFAULTCAPACITY_EMPTY_ELEMENTDATA = class java.lang.Object[0]
      elementData = class java.lang.Object[10]
      size = 2
      MAX_ARRAY_SIZE = 2147483639
      modCount = 3
      MAX_ARRAY_SIZE = 2147483639
    servletContextLAttrListeners = class java.util.ArrayList@a776c3e0
      serialVersionUID = 8683452581122892189
      DEFAULT_CAPACITY = 10
      EMPTY_ELEMENTDATA = class java.lang.Object[0]
      DEFAULTCAPACITY_EMPTY_ELEMENTDATA = class java.lang.Object[0]
      elementData = class java.lang.Object[0]
      size = 0
      MAX_ARRAY_SIZE = 2147483639
      modCount = 1
      MAX_ARRAY_SIZE = 2147483639
    servletRequestListeners = class java.util.ArrayList@c444d600
      serialVersionUID = 8683452581122892189
      DEFAULT_CAPACITY = 10
      EMPTY_ELEMENTDATA = class java.lang.Object[0]
      DEFAULTCAPACITY_EMPTY_ELEMENTDATA = class java.lang.Object[0]
      elementData = class java.lang.Object[0]
      size = 0
      MAX_ARRAY_SIZE = 2147483639
      modCount = 1
      MAX_ARRAY_SIZE = 2147483639
    servletRequestLAttrListeners = class java.util.ArrayList@4805bab3
      serialVersionUID = 8683452581122892189
      DEFAULT_CAPACITY = 10
      EMPTY_ELEMENTDATA = class java.lang.Object[0]
      DEFAULTCAPACITY_EMPTY_ELEMENTDATA = class java.lang.Object[0]
      elementData = class java.lang.Object[0]
      size = 0
      MAX_ARRAY_SIZE = 2147483639
      modCount = 1
      MAX_ARRAY_SIZE = 2147483639
    prependSlashToResource = false
    destroyed = false
    webAppNameSpaceCollab = class com.ibm.ws.webcontainer.osgi.collaborator.WebAppNameSpaceCollaboratorImpl@6c38aa6a
    txCollab = class com.ibm.ws.webcontainer.collaborator.WebAppTransactionCollaborator@3d50ffa6
    sessionActivationListeners = class java.util.ArrayList@9964389c
      serialVersionUID = 8683452581122892189
      DEFAULT_CAPACITY = 10
      EMPTY_ELEMENTDATA = class java.lang.Object[0]
      DEFAULTCAPACITY_EMPTY_ELEMENTDATA = class java.lang.Object[0]
      elementData = class java.lang.Object[0]
      size = 0
      MAX_ARRAY_SIZE = 2147483639
      modCount = 1
      MAX_ARRAY_SIZE = 2147483639
    sessionBindingListeners = class java.util.ArrayList@975df264
      serialVersionUID = 8683452581122892189
      DEFAULT_CAPACITY = 10
      EMPTY_ELEMENTDATA = class java.lang.Object[0]
      DEFAULTCAPACITY_EMPTY_ELEMENTDATA = class java.lang.Object[0]
      elementData = class java.lang.Object[0]
      size = 0
      MAX_ARRAY_SIZE = 2147483639
      modCount = 1
      MAX_ARRAY_SIZE = 2147483639
    scratchdir = null
    jspClassLoaderLimit = 0
    jspClassLoaderExclusionList = null
    jspClassLoadersMap = null
    jspClassLoaderLimitTrackIF = false
    defaultExtProc = null
    directoryBrowsingServlet = null
    cdiContexts = class java.util.concurrent.ConcurrentHashMap@f83fb158
      serialVersionUID = 7249069246763182397
      MAXIMUM_CAPACITY = 1073741824
      DEFAULT_CAPACITY = 16
      MAX_ARRAY_SIZE = 2147483639
      DEFAULT_CONCURRENCY_LEVEL = 16
      LOAD_FACTOR = 0.75
      TREEIFY_THRESHOLD = 8
      UNTREEIFY_THRESHOLD = 6
      MIN_TREEIFY_CAPACITY = 64
      MIN_TRANSFER_STRIDE = 16
      RESIZE_STAMP_BITS = 16
      MAX_RESIZERS = 65535
      RESIZE_STAMP_SHIFT = 16
      MOVED = -1
      TREEBIN = -2
      RESERVED = -3
      HASH_BITS = 2147483647
      NCPU = 4
      serialPersistentFields = class java.io.ObjectStreamField[3]
      table = class java.util.concurrent.ConcurrentHashMap$Node[16]
      nextTable = null
      baseCount = 1
      sizeCtl = 12
      transferIndex = 0
      cellsBusy = 0
      counterCells = null
      keySet = null
      values = null
      entrySet = null
      U = class sun.misc.Unsafe@8978db9
      SIZECTL = 48
      TRANSFERINDEX = 52
      BASECOUNT = 16
      CELLSBUSY = 56
      CELLVALUE = 72
      ABASE = 8
      ASHIFT = 2
      keySet = null
      values = null
    moduleConfig = class com.ibm.ws.webcontainer.osgi.container.DeployedModule@cda41ff6
      tc = class com.ibm.websphere.ras.TraceComponent@efc9b56a
      loader = class com.ibm.ws.classloading.internal.ThreadContextClassLoader@f38d4fd4
      webApp = class com.ibm.ws.webcontainer31.osgi.webapp.WebApp31@59d88047
      webAppConfig = class com.ibm.ws.webcontainer.osgi.webapp.WebAppConfiguration@58e8ccf6
      contextRootAdded = null
      properContextRoot = "/RTCP"
      mappingContextRoot = "/RTCP/*"
      serialVersionUID = -2104814060051592457
      $$$tc$$$ = class com.ibm.websphere.ras.TraceComponent@231d0c40
    extensionFactories = class java.util.ArrayList@a55ca150
      serialVersionUID = 8683452581122892189
      DEFAULT_CAPACITY = 10
      EMPTY_ELEMENTDATA = class java.lang.Object[0]
      DEFAULTCAPACITY_EMPTY_ELEMENTDATA = class java.lang.Object[0]
      elementData = class java.lang.Object[10]
      size = 1
      MAX_ARRAY_SIZE = 2147483639
      modCount = 1
      MAX_ARRAY_SIZE = 2147483639
    initialized = true
    lock = class com.ibm.ws.webcontainer.webapp.WebApp$1@2674f436
      this$0 = class com.ibm.ws.webcontainer31.osgi.webapp.WebApp31@59d88047
    afterServletContextCreated = false
    redirectContextRoot = false
    errorExceptionTypeFirst = false
    initFilterBeforeServletInit = false
    sortedServletConfigs = class java.util.ArrayList@8ae378
      serialVersionUID = 8683452581122892189
      DEFAULT_CAPACITY = 10
      EMPTY_ELEMENTDATA = class java.lang.Object[0]
      DEFAULTCAPACITY_EMPTY_ELEMENTDATA = class java.lang.Object[0]
      elementData = class java.lang.Object[33]
      size = 23
      MAX_ARRAY_SIZE = 2147483639
      modCount = 23
      MAX_ARRAY_SIZE = 2147483639
    effectiveMajorVersion = 3
    effectiveMinorVersion = 1
    canAddServletContextListener = true
    withinContextInitOfProgAddListener = false
    lastProgAddListenerInitialized = "com.ibm.ws.jsp.runtime.ContextListener"
    webInfLibClassloader = null
    metaInfCache = class com.ibm.ws.webcontainer.webapp.WebApp$2@3c4c1ce8
      this$0 = class com.ibm.ws.webcontainer31.osgi.webapp.WebApp31@59d88047
      serialVersionUID = 3801124242820219131
      head = null
      tail = null
      accessOrder = true
      serialVersionUID = 362498820763181265
      DEFAULT_INITIAL_CAPACITY = 16
      MAXIMUM_CAPACITY = 1073741824
      DEFAULT_LOAD_FACTOR = 0.75
      TREEIFY_THRESHOLD = 8
      UNTREEIFY_THRESHOLD = 6
      MIN_TREEIFY_CAPACITY = 64
      table = null
      entrySet = null
      size = 0
      modCount = 0
      threshold = 32
      loadFactor = 1.0
      keySet = null
      values = null
    useMetaInfCache = true
    SUN_CONFIGURE_LISTENER_CLASSNAME = "com.sun.faces.config.ConfigureListener"
    MYFACES_LIFECYCLE_LISTENER_CLASSNAME = "org.apache.myfaces.webapp.StartupServletContextListener"
    JSF_IMPL_ENABLED_PARAM = "com.ibm.ws.jsf.JSF_IMPL_ENABLED"
    JSF_IMPL_ENABLED_CUSTOM = "Custom"
    JSF_IMPL_ENABLED_NONE = "None"
    staticDocRoot = class com.ibm.ws.webcontainer.util.DocumentRootUtils@95e98d6b
      logger = class com.ibm.ws.logging.internal.WsLogger@af978d32
      CLASS_NAME = "com.ibm.ws.webcontainer.util.DocumentRootUtils"
      useContentLength = false
      matchedFile = null
      matchedZipFile = null
      matchedEntry = null
      matchedURL = null
      edrRoot = null
      pfedrRoot = null
      ctxt = class com.ibm.ws.webcontainer31.osgi.webapp.WebApp31@59d88047
      baseDir = null
      edr = null
      pfedr = null
      metaInfRes = null
      searchpfEDR = true
      searchEDR = true
      searchMetaInfRes = true
      matchFromEDR = false
      matchFromMetaInfRes = false
      matchIsADirectory = false
      appConfig = class com.ibm.ws.webcontainer.osgi.webapp.WebAppConfiguration@58e8ccf6
      attributeType = "staticFile"
      STATIC_FILE = "staticFile"
      JSP = "jsp"
      PFEDR = "preFragmentExtendedDocumentRoot"
      EDR = "extendedDocumentRoot"
    jspDocRoot = class com.ibm.ws.webcontainer.util.DocumentRootUtils@b3e5b908
      logger = class com.ibm.ws.logging.internal.WsLogger@af978d32
      CLASS_NAME = "com.ibm.ws.webcontainer.util.DocumentRootUtils"
      useContentLength = false
      matchedFile = null
      matchedZipFile = null
      matchedEntry = null
      matchedURL = null
      edrRoot = null
      pfedrRoot = null
      ctxt = class com.ibm.ws.webcontainer31.osgi.webapp.WebApp31@59d88047
      baseDir = null
      edr = null
      pfedr = null
      metaInfRes = null
      searchpfEDR = true
      searchEDR = true
      searchMetaInfRes = true
      matchFromEDR = false
      matchFromMetaInfRes = false
      matchIsADirectory = false
      appConfig = class com.ibm.ws.webcontainer.osgi.webapp.WebAppConfiguration@58e8ccf6
      attributeType = "jsp"
      STATIC_FILE = "staticFile"
      JSP = "jsp"
      PFEDR = "preFragmentExtendedDocumentRoot"
      EDR = "extendedDocumentRoot"
    container = class com.ibm.ws.adaptable.module.internal.AdaptableContainerImpl@3d32d87b
      root = class com.ibm.ws.adaptable.module.internal.AdaptableContainerImpl@3d32d87b
      rootOverlay = class com.ibm.ws.artifact.overlay.internal.DirectoryBasedOverlayContainerImpl@870a38e8
      factoryHolder = class com.ibm.ws.adaptable.module.internal.AdaptableModuleFactoryImpl@f3599e75
      delegate = class com.ibm.ws.artifact.overlay.internal.DirectoryBasedOverlayContainerImpl@870a38e8
      notifier = class com.ibm.ws.adaptable.module.internal.NotifierImpl@5fd9497b
      serialVersionUID = -5621513278641113667
      $$$tc$$$ = class com.ibm.websphere.ras.TraceComponent@c596dc5d
    metaInfResourceFinder = class com.ibm.ws.webcontainer.util.MetaInfResourceFinder@e22017aa
      jarResourceContainers = class java.util.ArrayList@3804bf13
      container = class com.ibm.ws.adaptable.module.internal.AdaptableContainerImpl@3d32d87b
    postConstructMethods = class com.ibm.ws.webcontainer.webapp.WebApp$AnnotatedMethods@e9160b4c
      annotationClass = class java.lang.Class@fd0e7e45
      noOpClassNames = class java.util.HashSet@f82254b1
      annotatedMethodNames = class java.util.concurrent.ConcurrentHashMap@72774a62
      EMPTY_METHODS = class java.lang.reflect.Method[0]
    preDestroyMethods = class com.ibm.ws.webcontainer.webapp.WebApp$AnnotatedMethods@1c7cbd10
      annotationClass = class java.lang.Class@6600f68d
      noOpClassNames = class java.util.HashSet@51a9de48
      annotatedMethodNames = class java.util.concurrent.ConcurrentHashMap@5ff3062
      EMPTY_METHODS = class java.lang.reflect.Method[0]
    upgraded = false
    OBJ_EMPTY = class java.lang.Object[0]
    CLASS_EMPTY = class java.lang.Class[0]
    DEFAULT_JSP_EXTENSIONS = class java.util.ArrayList@5d3223f3
      serialVersionUID = 8683452581122892189
      DEFAULT_CAPACITY = 10
      EMPTY_ELEMENTDATA = class java.lang.Object[0]
      DEFAULTCAPACITY_EMPTY_ELEMENTDATA = class java.lang.Object[0]
      elementData = class java.lang.Object[10]
      size = 4
      MAX_ARRAY_SIZE = 2147483639
      modCount = 4
      MAX_ARRAY_SIZE = 2147483639
    DEFER_SERVLET_REQUEST_LISTENER_DESTROY_ON_ERROR = false
    DO_ACCEPT_PARTIAL = true
    DO_NOT_ACCEPT_PARTIAL = false
    DO_ACCEPT_EXCLUDED = true
    DO_NOT_ACCEPT_EXCLUDED = false
    commands = class java.util.ArrayList@3e5d6cd1
      serialVersionUID = 8683452581122892189
      DEFAULT_CAPACITY = 10
      EMPTY_ELEMENTDATA = class java.lang.Object[0]
      DEFAULTCAPACITY_EMPTY_ELEMENTDATA = class java.lang.Object[0]
      elementData = class java.lang.Object[3]
      size = 0
      MAX_ARRAY_SIZE = 2147483639
      modCount = 0
      MAX_ARRAY_SIZE = 2147483639
    requestMapper = class com.ibm.wsspi.webcontainer.util.URIMapper@747e7886
      matcher = class com.ibm.wsspi.webcontainer.util.URIMatcher@ae791b1a
    parent = class com.ibm.ws.webcontainer.osgi.webapp.WebGroup@71b996d
      tc = class com.ibm.websphere.ras.TraceComponent@78f92756
      logger = class com.ibm.ws.logging.internal.WsLogger@59ffeffb
      CLASS_NAME = "com.ibm.ws.webcontainer.webapp.WebGroup"
      sessUrlRewritePrefix = ";jsessionid="
      qMark = "?"
      config = class com.ibm.ws.webcontainer.osgi.webapp.WebGroupConfiguration@ec6ac1c0
      webApp = class com.ibm.ws.webcontainer31.osgi.webapp.WebApp31@59d88047
      commands = class java.util.ArrayList@1d2fb466
      requestMapper = null
      parent = class com.ibm.ws.webcontainer.osgi.DynamicVirtualHost@6bc14bc0
      name = "/RTCP/*"
      isAlive = true
      subElements = class java.util.HashMap@91c74f99
      attributes = null
      config = null
      serialVersionUID = -8271459000149267764
      $$$tc$$$ = class com.ibm.websphere.ras.TraceComponent@5dd73f5c
    name = "RTCP"
    isAlive = true
    subElements = null
    attributes = class java.util.concurrent.ConcurrentHashMap@86c07402
      serialVersionUID = 7249069246763182397
      MAXIMUM_CAPACITY = 1073741824
      DEFAULT_CAPACITY = 16
      MAX_ARRAY_SIZE = 2147483639
      DEFAULT_CONCURRENCY_LEVEL = 16
      LOAD_FACTOR = 0.75
      TREEIFY_THRESHOLD = 8
      UNTREEIFY_THRESHOLD = 6
      MIN_TREEIFY_CAPACITY = 64
      MIN_TRANSFER_STRIDE = 16
      RESIZE_STAMP_BITS = 16
      MAX_RESIZERS = 65535
      RESIZE_STAMP_SHIFT = 16
      MOVED = -1
      TREEBIN = -2
      RESERVED = -3
      HASH_BITS = 2147483647
      NCPU = 4
      serialPersistentFields = class java.io.ObjectStreamField[3]
      table = class java.util.concurrent.ConcurrentHashMap$Node[16]
      nextTable = null
      baseCount = 11
      sizeCtl = 12
      transferIndex = 0
      cellsBusy = 0
      counterCells = null
      keySet = null
      values = null
      entrySet = class java.util.concurrent.ConcurrentHashMap$EntrySetView@aea537d
      U = class sun.misc.Unsafe@8978db9
      SIZECTL = 48
      TRANSFERINDEX = 52
      BASECOUNT = 16
      CELLSBUSY = 56
      CELLVALUE = 72
      ABASE = 8
      ASHIFT = 2
      keySet = null
      values = null
    config = null
    serialVersionUID = -8271459000149267764
    $$$tc$$$ = class com.ibm.websphere.ras.TraceComponent@5dd73f5c
      strings[0] = "TraceComponent[com.ibm.ws.container.AbstractContainer,class com.ibm.ws.container.AbstractContainer,[],null,null]"

