------Start of DE processing------ = [1/25/20 1:11:37:156 IST]
Exception = javax.servlet.ServletException
Source = com.ibm.ws.webcontainer.filter.WebAppFilterManager.invokeFilters
probeid = 1064
Stack Dump = javax.servlet.ServletException: SRVE0207E: Uncaught initialization exception created by servlet
	at com.ibm.ws.webcontainer.servlet.ServletWrapper.init(ServletWrapper.java:366)
	at com.ibm.ws.webcontainer.servlet.ServletWrapper.handleRequest(ServletWrapper.java:598)
	at com.ibm.ws.webcontainer.servlet.ServletWrapper.handleRequest(ServletWrapper.java:440)
	at com.ibm.ws.webcontainer.filter.WebAppFilterChain.invokeTarget(WebAppFilterChain.java:147)
	at com.ibm.ws.webcontainer.filter.WebAppFilterChain.doFilter(WebAppFilterChain.java:89)
	at etm.contrib.integration.web.HttpRequestPerformanceFilter.doFilter(HttpRequestPerformanceFilter.java:74)
	at com.ibm.ws.webcontainer.filter.FilterInstanceWrapper.doFilter(FilterInstanceWrapper.java:201)
	at com.ibm.ws.webcontainer.filter.WebAppFilterChain.doFilter(WebAppFilterChain.java:86)
	at com.ibm.ws.webcontainer.filter.WebAppFilterManager.doFilter(WebAppFilterManager.java:995)
	at com.ibm.ws.webcontainer.filter.WebAppFilterManager.invokeFilters(WebAppFilterManager.java:1124)
	at com.ibm.ws.webcontainer.webapp.WebApp.handleRequest(WebApp.java:4938)
	at com.ibm.ws.webcontainer.osgi.DynamicVirtualHost$2.handleRequest(DynamicVirtualHost.java:316)
	at com.ibm.ws.webcontainer.WebContainer.handleRequest(WebContainer.java:990)
	at com.ibm.ws.webcontainer.osgi.DynamicVirtualHost$2.run(DynamicVirtualHost.java:281)
	at com.ibm.ws.http.dispatcher.internal.channel.HttpDispatcherLink$TaskWrapper.run(HttpDispatcherLink.java:960)
	at com.ibm.ws.http.dispatcher.internal.channel.HttpDispatcherLink.wrapHandlerAndExecute(HttpDispatcherLink.java:362)
	at com.ibm.ws.http.dispatcher.internal.channel.HttpDispatcherLink.ready(HttpDispatcherLink.java:321)
	at com.ibm.ws.http.channel.internal.inbound.HttpInboundLink.handleDiscrimination(HttpInboundLink.java:499)
	at com.ibm.ws.http.channel.internal.inbound.HttpInboundLink.handleNewRequest(HttpInboundLink.java:433)
	at com.ibm.ws.http.channel.internal.inbound.HttpInboundLink.processRequest(HttpInboundLink.java:313)
	at com.ibm.ws.http.channel.internal.inbound.HttpInboundLink.ready(HttpInboundLink.java:284)
	at com.ibm.ws.channel.ssl.internal.SSLConnectionLink.determineNextChannel(SSLConnectionLink.java:1029)
	at com.ibm.ws.channel.ssl.internal.SSLConnectionLink$MyReadCompletedCallback.complete(SSLConnectionLink.java:618)
	at com.ibm.ws.channel.ssl.internal.SSLReadServiceContext$SSLReadCompletedCallback.complete(SSLReadServiceContext.java:1763)
	at com.ibm.ws.tcpchannel.internal.WorkQueueManager.requestComplete(WorkQueueManager.java:503)
	at com.ibm.ws.tcpchannel.internal.WorkQueueManager.attemptIO(WorkQueueManager.java:573)
	at com.ibm.ws.tcpchannel.internal.WorkQueueManager.workerRun(WorkQueueManager.java:928)
	at com.ibm.ws.tcpchannel.internal.WorkQueueManager$Worker.run(WorkQueueManager.java:1017)
	at java.util.concurrent.ThreadPoolExecutor.runWorker(ThreadPoolExecutor.java:1160)
	at java.util.concurrent.ThreadPoolExecutor$Worker.run(ThreadPoolExecutor.java:635)
	at java.lang.Thread.run(Thread.java:811)
Caused by: org.springframework.beans.factory.BeanCreationException: Error creating bean with name 'broker' defined in class path resource [microbroker.server.spring.xml]: Invocation of init method failed; nested exception is com.ibm.micro.admin.AdminException: Error starting broker: com.ibm.ws.objectManager.NonExistentObjectStoreFileException: NonExistentObjectStoreFileException_info:AbstractObjectStore(C:\IntegrationTester\Apps\RTCP\workspace\broker\RTCPBroker\MBStore)/aae86abf
null
C:\IntegrationTester\Apps\RTCP\workspace\broker\RTCPBroker\MBStore

	at org.springframework.beans.factory.support.AbstractAutowireCapableBeanFactory.initializeBean(AbstractAutowireCapableBeanFactory.java:1631)
	at org.springframework.beans.factory.support.AbstractAutowireCapableBeanFactory.doCreateBean(AbstractAutowireCapableBeanFactory.java:553)
	at org.springframework.beans.factory.support.AbstractAutowireCapableBeanFactory.createBean(AbstractAutowireCapableBeanFactory.java:481)
	at org.springframework.beans.factory.support.AbstractBeanFactory$1.getObject(AbstractBeanFactory.java:312)
	at org.springframework.beans.factory.support.DefaultSingletonBeanRegistry.getSingleton(DefaultSingletonBeanRegistry.java:230)
	at org.springframework.beans.factory.support.AbstractBeanFactory.doGetBean(AbstractBeanFactory.java:308)
	at org.springframework.beans.factory.support.AbstractBeanFactory.getBean(AbstractBeanFactory.java:197)
	at org.springframework.beans.factory.support.AbstractBeanFactory.doGetBean(AbstractBeanFactory.java:297)
	at org.springframework.beans.factory.support.AbstractBeanFactory.getBean(AbstractBeanFactory.java:197)
	at org.springframework.beans.factory.support.DefaultListableBeanFactory.preInstantiateSingletons(DefaultListableBeanFactory.java:761)
	at org.springframework.context.support.AbstractApplicationContext.finishBeanFactoryInitialization(AbstractApplicationContext.java:867)
	at org.springframework.context.support.AbstractApplicationContext.refresh(AbstractApplicationContext.java:543)
	at org.springframework.web.context.ContextLoader.configureAndRefreshWebApplicationContext(ContextLoader.java:443)
	at org.springframework.web.context.ContextLoader.initWebApplicationContext(ContextLoader.java:325)
	at org.springframework.web.context.ContextLoaderListener.contextInitialized(ContextLoaderListener.java:107)
	at com.ibm.ws.webcontainer.webapp.WebApp.notifyServletContextCreated(WebApp.java:2379)
	at com.ibm.ws.webcontainer31.osgi.webapp.WebApp31.notifyServletContextCreated(WebApp31.java:514)
	at com.ibm.ws.webcontainer.webapp.WebApp.initialize(WebApp.java:1012)
	at com.ibm.ws.webcontainer.webapp.WebApp.initialize(WebApp.java:6550)
	at com.ibm.ws.webcontainer.osgi.DynamicVirtualHost.startWebApp(DynamicVirtualHost.java:469)
	at com.ibm.ws.webcontainer.osgi.DynamicVirtualHost.startWebApplication(DynamicVirtualHost.java:464)
	at com.ibm.ws.webcontainer.osgi.WebContainer.startWebApplication(WebContainer.java:1119)
	at com.ibm.ws.webcontainer.osgi.WebContainer.startModule(WebContainer.java:924)
	at com.ibm.ws.app.manager.module.internal.ModuleHandlerBase.deployModule(ModuleHandlerBase.java:99)
	at com.ibm.ws.app.manager.module.internal.DeployedModuleInfoImpl.installModule(DeployedModuleInfoImpl.java:49)
	at com.ibm.ws.app.manager.module.internal.DeployedAppInfoBase.deployModules(DeployedAppInfoBase.java:419)
	at com.ibm.ws.app.manager.module.internal.DeployedAppInfoBase.deployApp(DeployedAppInfoBase.java:405)
	at com.ibm.ws.app.manager.war.internal.WARApplicationHandlerImpl.install(WARApplicationHandlerImpl.java:65)
	at com.ibm.ws.app.manager.internal.statemachine.StartAction.execute(StartAction.java:140)
	at com.ibm.ws.app.manager.internal.statemachine.ApplicationStateMachineImpl.enterState(ApplicationStateMachineImpl.java:1258)
	at com.ibm.ws.app.manager.internal.statemachine.ApplicationStateMachineImpl.run(ApplicationStateMachineImpl.java:873)
	... 3 more
Caused by: com.ibm.micro.admin.AdminException: Error starting broker: com.ibm.ws.objectManager.NonExistentObjectStoreFileException: NonExistentObjectStoreFileException_info:AbstractObjectStore(C:\IntegrationTester\Apps\RTCP\workspace\broker\RTCPBroker\MBStore)/aae86abf
null
C:\IntegrationTester\Apps\RTCP\workspace\broker\RTCPBroker\MBStore

	at com.ibm.micro.internal.admin.client.LocalBrokerImpl.start(LocalBrokerImpl.java:86)
	at com.ibm.greenhat.server.microbroker.Broker.init(Broker.java:67)
	at sun.reflect.NativeMethodAccessorImpl.invoke0(Native Method)
	at sun.reflect.NativeMethodAccessorImpl.invoke(NativeMethodAccessorImpl.java:90)
	at sun.reflect.DelegatingMethodAccessorImpl.invoke(DelegatingMethodAccessorImpl.java:55)
	at java.lang.reflect.Method.invoke(Method.java:508)
	at org.springframework.beans.factory.support.AbstractAutowireCapableBeanFactory.invokeCustomInitMethod(AbstractAutowireCapableBeanFactory.java:1760)
	at org.springframework.beans.factory.support.AbstractAutowireCapableBeanFactory.invokeInitMethods(AbstractAutowireCapableBeanFactory.java:1697)
	at org.springframework.beans.factory.support.AbstractAutowireCapableBeanFactory.initializeBean(AbstractAutowireCapableBeanFactory.java:1627)
	... 33 more
Caused by: com.ibm.micro.spi.BrokerComponentException: com.ibm.ws.objectManager.NonExistentObjectStoreFileException: NonExistentObjectStoreFileException_info:AbstractObjectStore(C:\IntegrationTester\Apps\RTCP\workspace\broker\RTCPBroker\MBStore)/aae86abf
null
C:\IntegrationTester\Apps\RTCP\workspace\broker\RTCPBroker\MBStore

	at com.ibm.micro.internal.persistence.PersistenceProvider.setupOM(PersistenceProvider.java:522)
	at com.ibm.micro.internal.persistence.PersistenceProvider.start(PersistenceProvider.java:491)
	at com.ibm.micro.internal.entrypoint.MicroBrokerImpl.initialise(MicroBrokerImpl.java:168)
	at com.ibm.micro.internal.entrypoint.MicroBrokerImpl.start(MicroBrokerImpl.java:406)
	at com.ibm.micro.internal.admin.client.LocalBrokerImpl.start(LocalBrokerImpl.java:78)
	... 41 more
Caused by: com.ibm.ws.objectManager.NonExistentObjectStoreFileException: NonExistentObjectStoreFileException_info:AbstractObjectStore(C:\IntegrationTester\Apps\RTCP\workspace\broker\RTCPBroker\MBStore)/aae86abf
null
C:\IntegrationTester\Apps\RTCP\workspace\broker\RTCPBroker\MBStore

	at com.ibm.ws.objectManager.AbstractSingleFileObjectStore.open(AbstractSingleFileObjectStore.java:657)
	at com.ibm.ws.objectManager.SingleFileObjectStore.open(SingleFileObjectStore.java:122)
	at com.ibm.ws.objectManager.ObjectManagerState.mergeObjectStores(ObjectManagerState.java:2733)
	at com.ibm.ws.objectManager.ObjectManagerState.becomeCloneOf(ObjectManagerState.java:2700)
	at com.ibm.ws.objectManager.Token.setManagedObject(Token.java:214)
	at com.ibm.ws.objectManager.CheckpointStartLogRecord.performRecovery(CheckpointStartLogRecord.java:175)
	at com.ibm.ws.objectManager.ObjectManagerState.performRecovery(ObjectManagerState.java:730)
	at com.ibm.ws.objectManager.ObjectManagerState.performWarmStart(ObjectManagerState.java:595)
	at com.ibm.ws.objectManager.ObjectManagerState.<init>(ObjectManagerState.java:474)
	at com.ibm.ws.objectManager.ObjectManager.createObjectManagerState(ObjectManager.java:293)
	at com.ibm.ws.objectManager.ObjectManager.initialise(ObjectManager.java:237)
	at com.ibm.ws.objectManager.ObjectManager.<init>(ObjectManager.java:136)
	at com.ibm.micro.internal.persistence.PersistenceProvider.setupOM(PersistenceProvider.java:508)
	... 45 more

Dump of callerThis
null
